2019-01-08 21:13:20.318  INFO 9024 --- [main] com.fyp.UDP.UdpApplication               : Starting UdpApplication on Buddhima with PID 9024 (E:\ENTC\FYP\UDP\UDP\target\classes started by Buddhima in E:\ENTC\FYP\UDP\UDP)
2019-01-08 21:13:20.328  INFO 9024 --- [main] com.fyp.UDP.UdpApplication               : No active profile set, falling back to default profiles: default
2019-01-08 21:13:21.642  INFO 9024 --- [main] .s.d.r.c.RepositoryConfigurationDelegate : Bootstrapping Spring Data repositories in DEFAULT mode.
2019-01-08 21:13:21.692  INFO 9024 --- [main] .s.d.r.c.RepositoryConfigurationDelegate : Finished Spring Data repository scanning in 40ms. Found 1 repository interfaces.
2019-01-08 21:13:22.072  INFO 9024 --- [main] trationDelegate$BeanPostProcessorChecker : Bean 'org.springframework.transaction.annotation.ProxyTransactionManagementConfiguration' of type [org.springframework.transaction.annotation.ProxyTransactionManagementConfiguration$$EnhancerBySpringCGLIB$$b4dbe369] is not eligible for getting processed by all BeanPostProcessors (for example: not eligible for auto-proxying)
2019-01-08 21:13:22.580  INFO 9024 --- [main] o.s.b.w.embedded.tomcat.TomcatWebServer  : Tomcat initialized with port(s): 8081 (http)
2019-01-08 21:13:22.590  INFO 9024 --- [main] o.apache.catalina.core.StandardService   : Starting service [Tomcat]
2019-01-08 21:13:22.590  INFO 9024 --- [main] org.apache.catalina.core.StandardEngine  : Starting Servlet Engine: Apache Tomcat/9.0.12
2019-01-08 21:13:22.600  INFO 9024 --- [main] o.a.catalina.core.AprLifecycleListener   : The APR based Apache Tomcat Native library which allows optimal performance in production environments was not found on the java.library.path: [C:\Program Files\Java\jdk1.8.0_71\bin;C:\Windows\Sun\Java\bin;C:\Windows\system32;C:\Windows;C:\Program Files (x86)\NVIDIA Corporation\PhysX\Common;C:\ProgramData\Oracle\Java\javapath;c:\Program Files (x86)\Intel\iCLS Client\;c:\Program Files\Intel\iCLS Client\;C:\Windows\system32;C:\Windows;C:\Windows\System32\Wbem;C:\Windows\System32\WindowsPowerShell\v1.0\;C:\Program Files\Intel\Intel(R) Management Engine Components\DAL;C:\Program Files\Intel\Intel(R) Management Engine Components\IPT;C:\Program Files (x86)\Intel\Intel(R) Management Engine Components\DAL;C:\Program Files (x86)\Intel\Intel(R) Management Engine Components\IPT;C:\Program Files\MATLAB\R2013a\runtime\win64;C:\Program Files\MATLAB\R2013a\bin;C:\Program Files\Java\jdk1.8.0_71\bin;C:\Program Files\Java\jdk1.8.0_71\bin;C:\Program Files (x86)\Common Files\lenovo\easyplussdk\bin;C:\wamp64\bin\php\php5.6.25;C:\Symfony\symfony-standard-3.1\symfony-standard-3.1;C:\wamp64\bin\mysql\mysql5.7.14;E:\Software\apache-maven-3.5.0\bin;E:\Software\commons-logging-1.2;E:\Software\spring-framework-4.3.9.RELEASE\libs;C:\Program Files\Microsoft SQL Server\130\Tools\Binn\;C:\Program Files\Microsoft\Web Platform Installer\;C:\Program Files\nodejs\;C:\Program Files\Git\bin;C:\MinGW\bin;C:\Program Files\WSO2\Identity Server\5.6.0\\bin;C:\Program Files\Ballerina\ballerina-0.981.1\\bin;C:\Program Files\Ballerina\ballerina-0.981.1\bin;C:\Users\Buddhima\AppData\Local\Programs\Python\Python37-32\Scripts\;C:\Users\Buddhima\AppData\Local\Programs\Python\Python37-32\;C:\wamp64\bin\php\php5.6.25;C:\Symfony\symfony-standard-3.1\symfony-standard-3.1;C:\wamp64\bin\mysql\mysql5.7.14;C:\Program Files\Microsoft VS Code\bin;C:\Users\Buddhima\AppData\Roaming\npm;E:\Software\omnetpp-5.2.1;C:\Program Files\Heroku\bin;.]
2019-01-08 21:13:22.910  INFO 9024 --- [main] o.a.c.c.C.[Tomcat].[localhost].[/]       : Initializing Spring embedded WebApplicationContext
2019-01-08 21:13:22.910  INFO 9024 --- [main] o.s.web.context.ContextLoader            : Root WebApplicationContext: initialization completed in 2502 ms
2019-01-08 21:13:23.242  INFO 9024 --- [main] o.s.b.w.servlet.FilterRegistrationBean   : Mapping filter: 'characterEncodingFilter' to: [/*]
2019-01-08 21:13:23.242  INFO 9024 --- [main] o.s.b.w.servlet.FilterRegistrationBean   : Mapping filter: 'webMvcMetricsFilter' to: [/*]
2019-01-08 21:13:23.242  INFO 9024 --- [main] o.s.b.w.servlet.FilterRegistrationBean   : Mapping filter: 'hiddenHttpMethodFilter' to: [/*]
2019-01-08 21:13:23.242  INFO 9024 --- [main] o.s.b.w.servlet.FilterRegistrationBean   : Mapping filter: 'formContentFilter' to: [/*]
2019-01-08 21:13:23.242  INFO 9024 --- [main] o.s.b.w.servlet.FilterRegistrationBean   : Mapping filter: 'requestContextFilter' to: [/*]
2019-01-08 21:13:23.242  INFO 9024 --- [main] o.s.b.w.servlet.FilterRegistrationBean   : Mapping filter: 'httpTraceFilter' to: [/*]
2019-01-08 21:13:23.242  INFO 9024 --- [main] o.s.b.w.servlet.ServletRegistrationBean  : Servlet dispatcherServlet mapped to [/]
2019-01-08 21:13:23.332  INFO 9024 --- [main] com.zaxxer.hikari.HikariDataSource       : HikariPool-1 - Starting...
2019-01-08 21:13:23.540  INFO 9024 --- [main] com.zaxxer.hikari.HikariDataSource       : HikariPool-1 - Start completed.
2019-01-08 21:13:23.580  INFO 9024 --- [main] o.hibernate.jpa.internal.util.LogHelper  : HHH000204: Processing PersistenceUnitInfo [
	name: default
	...]
2019-01-08 21:13:23.620  INFO 9024 --- [main] org.hibernate.Version                    : HHH000412: Hibernate Core {5.3.7.Final}
2019-01-08 21:13:23.620  INFO 9024 --- [main] org.hibernate.cfg.Environment            : HHH000206: hibernate.properties not found
2019-01-08 21:13:23.736  INFO 9024 --- [main] o.hibernate.annotations.common.Version   : HCANN000001: Hibernate Commons Annotations {5.0.4.Final}
2019-01-08 21:13:23.843  INFO 9024 --- [main] org.hibernate.dialect.Dialect            : HHH000400: Using dialect: org.hibernate.dialect.MySQL5Dialect
2019-01-08 21:13:24.246  INFO 9024 --- [main] j.LocalContainerEntityManagerFactoryBean : Initialized JPA EntityManagerFactory for persistence unit 'default'
2019-01-08 21:13:24.634  INFO 9024 --- [main] o.s.s.concurrent.ThreadPoolTaskExecutor  : Initializing ExecutorService 'applicationTaskExecutor'
2019-01-08 21:13:24.660  WARN 9024 --- [main] aWebConfiguration$JpaWebMvcConfiguration : spring.jpa.open-in-view is enabled by default. Therefore, database queries may be performed during view rendering. Explicitly configure spring.jpa.open-in-view to disable this warning
2019-01-08 21:13:24.720  INFO 9024 --- [main] o.s.b.a.w.s.WelcomePageHandlerMapping    : Adding welcome page: class path resource [static/index.html]
2019-01-08 21:13:24.930  INFO 9024 --- [main] o.s.b.a.e.web.EndpointLinksResolver      : Exposing 16 endpoint(s) beneath base path '/actuator'
2019-01-08 21:13:25.000  INFO 9024 --- [main] o.s.b.w.embedded.tomcat.TomcatWebServer  : Tomcat started on port(s): 8081 (http) with context path ''
2019-01-08 21:13:25.000  INFO 9024 --- [main] com.fyp.UDP.UdpApplication               : Started UdpApplication in 5.15 seconds (JVM running for 5.739)
2019-01-08 21:13:28.508  INFO 9024 --- [http-nio-8081-exec-1] o.a.c.c.C.[Tomcat].[localhost].[/]       : Initializing Spring DispatcherServlet 'dispatcherServlet'
2019-01-08 21:13:28.509  INFO 9024 --- [http-nio-8081-exec-1] o.s.web.servlet.DispatcherServlet        : Initializing Servlet 'dispatcherServlet'
2019-01-08 21:13:28.519  INFO 9024 --- [http-nio-8081-exec-1] o.s.web.servlet.DispatcherServlet        : Completed initialization in 10 ms
2019-01-08 21:21:59.957  INFO 10448 --- [main] com.fyp.UDP.UdpApplication               : Starting UdpApplication on Buddhima with PID 10448 (E:\ENTC\FYP\UDP\UDP\target\classes started by Buddhima in E:\ENTC\FYP\UDP\UDP)
2019-01-08 21:21:59.967  INFO 10448 --- [main] com.fyp.UDP.UdpApplication               : No active profile set, falling back to default profiles: default
2019-01-08 21:22:01.357  INFO 10448 --- [main] .s.d.r.c.RepositoryConfigurationDelegate : Bootstrapping Spring Data repositories in DEFAULT mode.
2019-01-08 21:22:01.407  INFO 10448 --- [main] .s.d.r.c.RepositoryConfigurationDelegate : Finished Spring Data repository scanning in 50ms. Found 1 repository interfaces.
2019-01-08 21:22:01.737  INFO 10448 --- [main] trationDelegate$BeanPostProcessorChecker : Bean 'org.springframework.transaction.annotation.ProxyTransactionManagementConfiguration' of type [org.springframework.transaction.annotation.ProxyTransactionManagementConfiguration$$EnhancerBySpringCGLIB$$8e830ff7] is not eligible for getting processed by all BeanPostProcessors (for example: not eligible for auto-proxying)
2019-01-08 21:22:02.243  INFO 10448 --- [main] o.s.b.w.embedded.tomcat.TomcatWebServer  : Tomcat initialized with port(s): 8081 (http)
2019-01-08 21:22:02.253  INFO 10448 --- [main] o.apache.catalina.core.StandardService   : Starting service [Tomcat]
2019-01-08 21:22:02.253  INFO 10448 --- [main] org.apache.catalina.core.StandardEngine  : Starting Servlet Engine: Apache Tomcat/9.0.12
2019-01-08 21:22:02.263  INFO 10448 --- [main] o.a.catalina.core.AprLifecycleListener   : The APR based Apache Tomcat Native library which allows optimal performance in production environments was not found on the java.library.path: [C:\Program Files\Java\jdk1.8.0_71\bin;C:\Windows\Sun\Java\bin;C:\Windows\system32;C:\Windows;C:\Program Files (x86)\NVIDIA Corporation\PhysX\Common;C:\ProgramData\Oracle\Java\javapath;c:\Program Files (x86)\Intel\iCLS Client\;c:\Program Files\Intel\iCLS Client\;C:\Windows\system32;C:\Windows;C:\Windows\System32\Wbem;C:\Windows\System32\WindowsPowerShell\v1.0\;C:\Program Files\Intel\Intel(R) Management Engine Components\DAL;C:\Program Files\Intel\Intel(R) Management Engine Components\IPT;C:\Program Files (x86)\Intel\Intel(R) Management Engine Components\DAL;C:\Program Files (x86)\Intel\Intel(R) Management Engine Components\IPT;C:\Program Files\MATLAB\R2013a\runtime\win64;C:\Program Files\MATLAB\R2013a\bin;C:\Program Files\Java\jdk1.8.0_71\bin;C:\Program Files\Java\jdk1.8.0_71\bin;C:\Program Files (x86)\Common Files\lenovo\easyplussdk\bin;C:\wamp64\bin\php\php5.6.25;C:\Symfony\symfony-standard-3.1\symfony-standard-3.1;C:\wamp64\bin\mysql\mysql5.7.14;E:\Software\apache-maven-3.5.0\bin;E:\Software\commons-logging-1.2;E:\Software\spring-framework-4.3.9.RELEASE\libs;C:\Program Files\Microsoft SQL Server\130\Tools\Binn\;C:\Program Files\Microsoft\Web Platform Installer\;C:\Program Files\nodejs\;C:\Program Files\Git\bin;C:\MinGW\bin;C:\Program Files\WSO2\Identity Server\5.6.0\\bin;C:\Program Files\Ballerina\ballerina-0.981.1\\bin;C:\Program Files\Ballerina\ballerina-0.981.1\bin;C:\Users\Buddhima\AppData\Local\Programs\Python\Python37-32\Scripts\;C:\Users\Buddhima\AppData\Local\Programs\Python\Python37-32\;C:\wamp64\bin\php\php5.6.25;C:\Symfony\symfony-standard-3.1\symfony-standard-3.1;C:\wamp64\bin\mysql\mysql5.7.14;C:\Program Files\Microsoft VS Code\bin;C:\Users\Buddhima\AppData\Roaming\npm;E:\Software\omnetpp-5.2.1;C:\Program Files\Heroku\bin;.]
2019-01-08 21:22:02.373  INFO 10448 --- [main] o.a.c.c.C.[Tomcat].[localhost].[/]       : Initializing Spring embedded WebApplicationContext
2019-01-08 21:22:02.383  INFO 10448 --- [main] o.s.web.context.ContextLoader            : Root WebApplicationContext: initialization completed in 2336 ms
2019-01-08 21:22:02.763  INFO 10448 --- [main] o.s.b.w.servlet.FilterRegistrationBean   : Mapping filter: 'characterEncodingFilter' to: [/*]
2019-01-08 21:22:02.763  INFO 10448 --- [main] o.s.b.w.servlet.FilterRegistrationBean   : Mapping filter: 'webMvcMetricsFilter' to: [/*]
2019-01-08 21:22:02.763  INFO 10448 --- [main] o.s.b.w.servlet.FilterRegistrationBean   : Mapping filter: 'hiddenHttpMethodFilter' to: [/*]
2019-01-08 21:22:02.763  INFO 10448 --- [main] o.s.b.w.servlet.FilterRegistrationBean   : Mapping filter: 'formContentFilter' to: [/*]
2019-01-08 21:22:02.763  INFO 10448 --- [main] o.s.b.w.servlet.FilterRegistrationBean   : Mapping filter: 'requestContextFilter' to: [/*]
2019-01-08 21:22:02.763  INFO 10448 --- [main] o.s.b.w.servlet.FilterRegistrationBean   : Mapping filter: 'httpTraceFilter' to: [/*]
2019-01-08 21:22:02.763  INFO 10448 --- [main] o.s.b.w.servlet.ServletRegistrationBean  : Servlet dispatcherServlet mapped to [/]
2019-01-08 21:22:02.823  INFO 10448 --- [main] com.zaxxer.hikari.HikariDataSource       : HikariPool-1 - Starting...
2019-01-08 21:22:03.033  INFO 10448 --- [main] com.zaxxer.hikari.HikariDataSource       : HikariPool-1 - Start completed.
2019-01-08 21:22:03.073  INFO 10448 --- [main] o.hibernate.jpa.internal.util.LogHelper  : HHH000204: Processing PersistenceUnitInfo [
	name: default
	...]
2019-01-08 21:22:03.123  INFO 10448 --- [main] org.hibernate.Version                    : HHH000412: Hibernate Core {5.3.7.Final}
2019-01-08 21:22:03.123  INFO 10448 --- [main] org.hibernate.cfg.Environment            : HHH000206: hibernate.properties not found
2019-01-08 21:22:03.230  INFO 10448 --- [main] o.hibernate.annotations.common.Version   : HCANN000001: Hibernate Commons Annotations {5.0.4.Final}
2019-01-08 21:22:03.330  INFO 10448 --- [main] org.hibernate.dialect.Dialect            : HHH000400: Using dialect: org.hibernate.dialect.MySQL5Dialect
2019-01-08 21:22:03.750  INFO 10448 --- [main] j.LocalContainerEntityManagerFactoryBean : Initialized JPA EntityManagerFactory for persistence unit 'default'
2019-01-08 21:22:04.141  INFO 10448 --- [main] o.s.s.concurrent.ThreadPoolTaskExecutor  : Initializing ExecutorService 'applicationTaskExecutor'
2019-01-08 21:22:04.182  WARN 10448 --- [main] aWebConfiguration$JpaWebMvcConfiguration : spring.jpa.open-in-view is enabled by default. Therefore, database queries may be performed during view rendering. Explicitly configure spring.jpa.open-in-view to disable this warning
2019-01-08 21:22:04.252  INFO 10448 --- [main] o.s.b.a.w.s.WelcomePageHandlerMapping    : Adding welcome page: class path resource [static/index.html]
2019-01-08 21:22:04.472  INFO 10448 --- [main] o.s.b.a.e.web.EndpointLinksResolver      : Exposing 16 endpoint(s) beneath base path '/actuator'
2019-01-08 21:22:04.552  INFO 10448 --- [main] o.s.b.w.embedded.tomcat.TomcatWebServer  : Tomcat started on port(s): 8081 (http) with context path ''
2019-01-08 21:22:04.552  INFO 10448 --- [main] com.fyp.UDP.UdpApplication               : Started UdpApplication in 5.025 seconds (JVM running for 5.665)
2019-01-08 21:22:07.570  INFO 10448 --- [http-nio-8081-exec-1] o.a.c.c.C.[Tomcat].[localhost].[/]       : Initializing Spring DispatcherServlet 'dispatcherServlet'
2019-01-08 21:22:07.571  INFO 10448 --- [http-nio-8081-exec-1] o.s.web.servlet.DispatcherServlet        : Initializing Servlet 'dispatcherServlet'
2019-01-08 21:22:07.579  INFO 10448 --- [http-nio-8081-exec-1] o.s.web.servlet.DispatcherServlet        : Completed initialization in 8 ms
2019-01-08 21:25:00.941  INFO 11228 --- [main] com.fyp.UDP.UdpApplication               : Starting UdpApplication on Buddhima with PID 11228 (E:\ENTC\FYP\UDP\UDP\target\classes started by Buddhima in E:\ENTC\FYP\UDP\UDP)
2019-01-08 21:25:00.945  INFO 11228 --- [main] com.fyp.UDP.UdpApplication               : No active profile set, falling back to default profiles: default
2019-01-08 21:25:02.215  INFO 11228 --- [main] .s.d.r.c.RepositoryConfigurationDelegate : Bootstrapping Spring Data repositories in DEFAULT mode.
2019-01-08 21:25:02.266  INFO 11228 --- [main] .s.d.r.c.RepositoryConfigurationDelegate : Finished Spring Data repository scanning in 46ms. Found 1 repository interfaces.
2019-01-08 21:25:02.591  INFO 11228 --- [main] trationDelegate$BeanPostProcessorChecker : Bean 'org.springframework.transaction.annotation.ProxyTransactionManagementConfiguration' of type [org.springframework.transaction.annotation.ProxyTransactionManagementConfiguration$$EnhancerBySpringCGLIB$$4e6d7c9e] is not eligible for getting processed by all BeanPostProcessors (for example: not eligible for auto-proxying)
2019-01-08 21:25:03.151  INFO 11228 --- [main] o.s.b.w.embedded.tomcat.TomcatWebServer  : Tomcat initialized with port(s): 8081 (http)
2019-01-08 21:25:03.175  INFO 11228 --- [main] o.apache.catalina.core.StandardService   : Starting service [Tomcat]
2019-01-08 21:25:03.175  INFO 11228 --- [main] org.apache.catalina.core.StandardEngine  : Starting Servlet Engine: Apache Tomcat/9.0.12
2019-01-08 21:25:03.182  INFO 11228 --- [main] o.a.catalina.core.AprLifecycleListener   : The APR based Apache Tomcat Native library which allows optimal performance in production environments was not found on the java.library.path: [C:\Program Files\Java\jdk1.8.0_71\bin;C:\Windows\Sun\Java\bin;C:\Windows\system32;C:\Windows;C:\Program Files (x86)\NVIDIA Corporation\PhysX\Common;C:\ProgramData\Oracle\Java\javapath;c:\Program Files (x86)\Intel\iCLS Client\;c:\Program Files\Intel\iCLS Client\;C:\Windows\system32;C:\Windows;C:\Windows\System32\Wbem;C:\Windows\System32\WindowsPowerShell\v1.0\;C:\Program Files\Intel\Intel(R) Management Engine Components\DAL;C:\Program Files\Intel\Intel(R) Management Engine Components\IPT;C:\Program Files (x86)\Intel\Intel(R) Management Engine Components\DAL;C:\Program Files (x86)\Intel\Intel(R) Management Engine Components\IPT;C:\Program Files\MATLAB\R2013a\runtime\win64;C:\Program Files\MATLAB\R2013a\bin;C:\Program Files\Java\jdk1.8.0_71\bin;C:\Program Files\Java\jdk1.8.0_71\bin;C:\Program Files (x86)\Common Files\lenovo\easyplussdk\bin;C:\wamp64\bin\php\php5.6.25;C:\Symfony\symfony-standard-3.1\symfony-standard-3.1;C:\wamp64\bin\mysql\mysql5.7.14;E:\Software\apache-maven-3.5.0\bin;E:\Software\commons-logging-1.2;E:\Software\spring-framework-4.3.9.RELEASE\libs;C:\Program Files\Microsoft SQL Server\130\Tools\Binn\;C:\Program Files\Microsoft\Web Platform Installer\;C:\Program Files\nodejs\;C:\Program Files\Git\bin;C:\MinGW\bin;C:\Program Files\WSO2\Identity Server\5.6.0\\bin;C:\Program Files\Ballerina\ballerina-0.981.1\\bin;C:\Program Files\Ballerina\ballerina-0.981.1\bin;C:\Users\Buddhima\AppData\Local\Programs\Python\Python37-32\Scripts\;C:\Users\Buddhima\AppData\Local\Programs\Python\Python37-32\;C:\wamp64\bin\php\php5.6.25;C:\Symfony\symfony-standard-3.1\symfony-standard-3.1;C:\wamp64\bin\mysql\mysql5.7.14;C:\Program Files\Microsoft VS Code\bin;C:\Users\Buddhima\AppData\Roaming\npm;E:\Software\omnetpp-5.2.1;C:\Program Files\Heroku\bin;.]
2019-01-08 21:25:03.327  INFO 11228 --- [main] o.a.c.c.C.[Tomcat].[localhost].[/]       : Initializing Spring embedded WebApplicationContext
2019-01-08 21:25:03.327  INFO 11228 --- [main] o.s.web.context.ContextLoader            : Root WebApplicationContext: initialization completed in 2281 ms
2019-01-08 21:25:03.720  INFO 11228 --- [main] o.s.b.w.servlet.FilterRegistrationBean   : Mapping filter: 'characterEncodingFilter' to: [/*]
2019-01-08 21:25:03.721  INFO 11228 --- [main] o.s.b.w.servlet.FilterRegistrationBean   : Mapping filter: 'webMvcMetricsFilter' to: [/*]
2019-01-08 21:25:03.721  INFO 11228 --- [main] o.s.b.w.servlet.FilterRegistrationBean   : Mapping filter: 'hiddenHttpMethodFilter' to: [/*]
2019-01-08 21:25:03.721  INFO 11228 --- [main] o.s.b.w.servlet.FilterRegistrationBean   : Mapping filter: 'formContentFilter' to: [/*]
2019-01-08 21:25:03.721  INFO 11228 --- [main] o.s.b.w.servlet.FilterRegistrationBean   : Mapping filter: 'requestContextFilter' to: [/*]
2019-01-08 21:25:03.721  INFO 11228 --- [main] o.s.b.w.servlet.FilterRegistrationBean   : Mapping filter: 'httpTraceFilter' to: [/*]
2019-01-08 21:25:03.722  INFO 11228 --- [main] o.s.b.w.servlet.ServletRegistrationBean  : Servlet dispatcherServlet mapped to [/]
2019-01-08 21:25:03.808  INFO 11228 --- [main] com.zaxxer.hikari.HikariDataSource       : HikariPool-1 - Starting...
2019-01-08 21:25:04.014  INFO 11228 --- [main] com.zaxxer.hikari.HikariDataSource       : HikariPool-1 - Start completed.
2019-01-08 21:25:04.055  INFO 11228 --- [main] o.hibernate.jpa.internal.util.LogHelper  : HHH000204: Processing PersistenceUnitInfo [
	name: default
	...]
2019-01-08 21:25:04.099  INFO 11228 --- [main] org.hibernate.Version                    : HHH000412: Hibernate Core {5.3.7.Final}
2019-01-08 21:25:04.100  INFO 11228 --- [main] org.hibernate.cfg.Environment            : HHH000206: hibernate.properties not found
2019-01-08 21:25:04.209  INFO 11228 --- [main] o.hibernate.annotations.common.Version   : HCANN000001: Hibernate Commons Annotations {5.0.4.Final}
2019-01-08 21:25:04.312  INFO 11228 --- [main] org.hibernate.dialect.Dialect            : HHH000400: Using dialect: org.hibernate.dialect.MySQL5Dialect
2019-01-08 21:25:04.720  INFO 11228 --- [main] j.LocalContainerEntityManagerFactoryBean : Initialized JPA EntityManagerFactory for persistence unit 'default'
2019-01-08 21:25:05.085  INFO 11228 --- [main] o.s.s.concurrent.ThreadPoolTaskExecutor  : Initializing ExecutorService 'applicationTaskExecutor'
2019-01-08 21:25:05.117  WARN 11228 --- [main] aWebConfiguration$JpaWebMvcConfiguration : spring.jpa.open-in-view is enabled by default. Therefore, database queries may be performed during view rendering. Explicitly configure spring.jpa.open-in-view to disable this warning
2019-01-08 21:25:05.178  INFO 11228 --- [main] o.s.b.a.w.s.WelcomePageHandlerMapping    : Adding welcome page: class path resource [static/index.html]
2019-01-08 21:25:05.387  INFO 11228 --- [main] o.s.b.a.e.web.EndpointLinksResolver      : Exposing 16 endpoint(s) beneath base path '/actuator'
2019-01-08 21:25:05.456  INFO 11228 --- [main] o.s.b.w.embedded.tomcat.TomcatWebServer  : Tomcat started on port(s): 8081 (http) with context path ''
2019-01-08 21:25:05.458  INFO 11228 --- [main] com.fyp.UDP.UdpApplication               : Started UdpApplication in 4.947 seconds (JVM running for 5.545)
2019-01-08 21:25:35.898  INFO 11228 --- [http-nio-8081-exec-1] o.a.c.c.C.[Tomcat].[localhost].[/]       : Initializing Spring DispatcherServlet 'dispatcherServlet'
2019-01-08 21:25:35.899  INFO 11228 --- [http-nio-8081-exec-1] o.s.web.servlet.DispatcherServlet        : Initializing Servlet 'dispatcherServlet'
2019-01-08 21:25:35.907  INFO 11228 --- [http-nio-8081-exec-1] o.s.web.servlet.DispatcherServlet        : Completed initialization in 8 ms
2019-01-08 21:27:55.777  INFO 888 --- [main] com.fyp.UDP.UdpApplication               : Starting UdpApplication on Buddhima with PID 888 (E:\ENTC\FYP\UDP\UDP\target\classes started by Buddhima in E:\ENTC\FYP\UDP\UDP)
2019-01-08 21:27:55.787  INFO 888 --- [main] com.fyp.UDP.UdpApplication               : No active profile set, falling back to default profiles: default
2019-01-08 21:27:57.081  INFO 888 --- [main] .s.d.r.c.RepositoryConfigurationDelegate : Bootstrapping Spring Data repositories in DEFAULT mode.
2019-01-08 21:27:57.142  INFO 888 --- [main] .s.d.r.c.RepositoryConfigurationDelegate : Finished Spring Data repository scanning in 51ms. Found 1 repository interfaces.
2019-01-08 21:27:57.460  INFO 888 --- [main] trationDelegate$BeanPostProcessorChecker : Bean 'org.springframework.transaction.annotation.ProxyTransactionManagementConfiguration' of type [org.springframework.transaction.annotation.ProxyTransactionManagementConfiguration$$EnhancerBySpringCGLIB$$ca3b6b10] is not eligible for getting processed by all BeanPostProcessors (for example: not eligible for auto-proxying)
2019-01-08 21:27:58.060  INFO 888 --- [main] o.s.b.w.embedded.tomcat.TomcatWebServer  : Tomcat initialized with port(s): 8081 (http)
2019-01-08 21:27:58.080  INFO 888 --- [main] o.apache.catalina.core.StandardService   : Starting service [Tomcat]
2019-01-08 21:27:58.080  INFO 888 --- [main] org.apache.catalina.core.StandardEngine  : Starting Servlet Engine: Apache Tomcat/9.0.12
2019-01-08 21:27:58.090  INFO 888 --- [main] o.a.catalina.core.AprLifecycleListener   : The APR based Apache Tomcat Native library which allows optimal performance in production environments was not found on the java.library.path: [C:\Program Files\Java\jdk1.8.0_71\bin;C:\Windows\Sun\Java\bin;C:\Windows\system32;C:\Windows;C:\Program Files (x86)\NVIDIA Corporation\PhysX\Common;C:\ProgramData\Oracle\Java\javapath;c:\Program Files (x86)\Intel\iCLS Client\;c:\Program Files\Intel\iCLS Client\;C:\Windows\system32;C:\Windows;C:\Windows\System32\Wbem;C:\Windows\System32\WindowsPowerShell\v1.0\;C:\Program Files\Intel\Intel(R) Management Engine Components\DAL;C:\Program Files\Intel\Intel(R) Management Engine Components\IPT;C:\Program Files (x86)\Intel\Intel(R) Management Engine Components\DAL;C:\Program Files (x86)\Intel\Intel(R) Management Engine Components\IPT;C:\Program Files\MATLAB\R2013a\runtime\win64;C:\Program Files\MATLAB\R2013a\bin;C:\Program Files\Java\jdk1.8.0_71\bin;C:\Program Files\Java\jdk1.8.0_71\bin;C:\Program Files (x86)\Common Files\lenovo\easyplussdk\bin;C:\wamp64\bin\php\php5.6.25;C:\Symfony\symfony-standard-3.1\symfony-standard-3.1;C:\wamp64\bin\mysql\mysql5.7.14;E:\Software\apache-maven-3.5.0\bin;E:\Software\commons-logging-1.2;E:\Software\spring-framework-4.3.9.RELEASE\libs;C:\Program Files\Microsoft SQL Server\130\Tools\Binn\;C:\Program Files\Microsoft\Web Platform Installer\;C:\Program Files\nodejs\;C:\Program Files\Git\bin;C:\MinGW\bin;C:\Program Files\WSO2\Identity Server\5.6.0\\bin;C:\Program Files\Ballerina\ballerina-0.981.1\\bin;C:\Program Files\Ballerina\ballerina-0.981.1\bin;C:\Users\Buddhima\AppData\Local\Programs\Python\Python37-32\Scripts\;C:\Users\Buddhima\AppData\Local\Programs\Python\Python37-32\;C:\wamp64\bin\php\php5.6.25;C:\Symfony\symfony-standard-3.1\symfony-standard-3.1;C:\wamp64\bin\mysql\mysql5.7.14;C:\Program Files\Microsoft VS Code\bin;C:\Users\Buddhima\AppData\Roaming\npm;E:\Software\omnetpp-5.2.1;C:\Program Files\Heroku\bin;.]
2019-01-08 21:27:58.295  INFO 888 --- [main] o.a.c.c.C.[Tomcat].[localhost].[/]       : Initializing Spring embedded WebApplicationContext
2019-01-08 21:27:58.295  INFO 888 --- [main] o.s.web.context.ContextLoader            : Root WebApplicationContext: initialization completed in 2458 ms
2019-01-08 21:27:58.705  INFO 888 --- [main] o.s.b.w.servlet.FilterRegistrationBean   : Mapping filter: 'characterEncodingFilter' to: [/*]
2019-01-08 21:27:58.705  INFO 888 --- [main] o.s.b.w.servlet.FilterRegistrationBean   : Mapping filter: 'webMvcMetricsFilter' to: [/*]
2019-01-08 21:27:58.705  INFO 888 --- [main] o.s.b.w.servlet.FilterRegistrationBean   : Mapping filter: 'hiddenHttpMethodFilter' to: [/*]
2019-01-08 21:27:58.705  INFO 888 --- [main] o.s.b.w.servlet.FilterRegistrationBean   : Mapping filter: 'formContentFilter' to: [/*]
2019-01-08 21:27:58.705  INFO 888 --- [main] o.s.b.w.servlet.FilterRegistrationBean   : Mapping filter: 'requestContextFilter' to: [/*]
2019-01-08 21:27:58.705  INFO 888 --- [main] o.s.b.w.servlet.FilterRegistrationBean   : Mapping filter: 'httpTraceFilter' to: [/*]
2019-01-08 21:27:58.705  INFO 888 --- [main] o.s.b.w.servlet.ServletRegistrationBean  : Servlet dispatcherServlet mapped to [/]
2019-01-08 21:27:58.785  INFO 888 --- [main] com.zaxxer.hikari.HikariDataSource       : HikariPool-1 - Starting...
2019-01-08 21:27:58.995  INFO 888 --- [main] com.zaxxer.hikari.HikariDataSource       : HikariPool-1 - Start completed.
2019-01-08 21:27:59.045  INFO 888 --- [main] o.hibernate.jpa.internal.util.LogHelper  : HHH000204: Processing PersistenceUnitInfo [
	name: default
	...]
2019-01-08 21:27:59.085  INFO 888 --- [main] org.hibernate.Version                    : HHH000412: Hibernate Core {5.3.7.Final}
2019-01-08 21:27:59.085  INFO 888 --- [main] org.hibernate.cfg.Environment            : HHH000206: hibernate.properties not found
2019-01-08 21:27:59.203  INFO 888 --- [main] o.hibernate.annotations.common.Version   : HCANN000001: Hibernate Commons Annotations {5.0.4.Final}
2019-01-08 21:27:59.303  INFO 888 --- [main] org.hibernate.dialect.Dialect            : HHH000400: Using dialect: org.hibernate.dialect.MySQL5Dialect
2019-01-08 21:27:59.716  INFO 888 --- [main] j.LocalContainerEntityManagerFactoryBean : Initialized JPA EntityManagerFactory for persistence unit 'default'
2019-01-08 21:28:00.066  INFO 888 --- [main] o.s.s.concurrent.ThreadPoolTaskExecutor  : Initializing ExecutorService 'applicationTaskExecutor'
2019-01-08 21:28:00.106  WARN 888 --- [main] aWebConfiguration$JpaWebMvcConfiguration : spring.jpa.open-in-view is enabled by default. Therefore, database queries may be performed during view rendering. Explicitly configure spring.jpa.open-in-view to disable this warning
2019-01-08 21:28:00.163  INFO 888 --- [main] o.s.b.a.w.s.WelcomePageHandlerMapping    : Adding welcome page: class path resource [static/index.html]
2019-01-08 21:28:00.373  INFO 888 --- [main] o.s.b.a.e.web.EndpointLinksResolver      : Exposing 16 endpoint(s) beneath base path '/actuator'
2019-01-08 21:28:00.443  INFO 888 --- [main] o.s.b.w.embedded.tomcat.TomcatWebServer  : Tomcat started on port(s): 8081 (http) with context path ''
2019-01-08 21:28:00.453  INFO 888 --- [main] com.fyp.UDP.UdpApplication               : Started UdpApplication in 5.157 seconds (JVM running for 5.745)
2019-01-08 21:28:10.664  INFO 888 --- [main] com.fyp.UDP.FYP.Receiver                 : RECEIVED: 2586:32
2019-01-08 21:28:17.676  INFO 888 --- [http-nio-8081-exec-1] o.a.c.c.C.[Tomcat].[localhost].[/]       : Initializing Spring DispatcherServlet 'dispatcherServlet'
2019-01-08 21:28:17.677  INFO 888 --- [http-nio-8081-exec-1] o.s.web.servlet.DispatcherServlet        : Initializing Servlet 'dispatcherServlet'
2019-01-08 21:28:17.685  INFO 888 --- [http-nio-8081-exec-1] o.s.web.servlet.DispatcherServlet        : Completed initialization in 8 ms
2019-01-08 21:41:27.492  INFO 10716 --- [main] com.fyp.UDP.UdpApplication               : Starting UdpApplication on Buddhima with PID 10716 (E:\ENTC\FYP\UDP\UDP\target\classes started by Buddhima in E:\ENTC\FYP\UDP\UDP)
2019-01-08 21:41:27.502  INFO 10716 --- [main] com.fyp.UDP.UdpApplication               : No active profile set, falling back to default profiles: default
2019-01-08 21:41:28.884  INFO 10716 --- [main] .s.d.r.c.RepositoryConfigurationDelegate : Bootstrapping Spring Data repositories in DEFAULT mode.
2019-01-08 21:41:28.934  INFO 10716 --- [main] .s.d.r.c.RepositoryConfigurationDelegate : Finished Spring Data repository scanning in 50ms. Found 1 repository interfaces.
2019-01-08 21:41:29.251  INFO 10716 --- [main] trationDelegate$BeanPostProcessorChecker : Bean 'org.springframework.transaction.annotation.ProxyTransactionManagementConfiguration' of type [org.springframework.transaction.annotation.ProxyTransactionManagementConfiguration$$EnhancerBySpringCGLIB$$52edfd1a] is not eligible for getting processed by all BeanPostProcessors (for example: not eligible for auto-proxying)
2019-01-08 21:41:29.741  INFO 10716 --- [main] o.s.b.w.embedded.tomcat.TomcatWebServer  : Tomcat initialized with port(s): 8081 (http)
2019-01-08 21:41:29.751  INFO 10716 --- [main] o.apache.catalina.core.StandardService   : Starting service [Tomcat]
2019-01-08 21:41:29.751  INFO 10716 --- [main] org.apache.catalina.core.StandardEngine  : Starting Servlet Engine: Apache Tomcat/9.0.12
2019-01-08 21:41:29.761  INFO 10716 --- [main] o.a.catalina.core.AprLifecycleListener   : The APR based Apache Tomcat Native library which allows optimal performance in production environments was not found on the java.library.path: [C:\Program Files\Java\jdk1.8.0_71\bin;C:\Windows\Sun\Java\bin;C:\Windows\system32;C:\Windows;C:\Program Files (x86)\NVIDIA Corporation\PhysX\Common;C:\ProgramData\Oracle\Java\javapath;c:\Program Files (x86)\Intel\iCLS Client\;c:\Program Files\Intel\iCLS Client\;C:\Windows\system32;C:\Windows;C:\Windows\System32\Wbem;C:\Windows\System32\WindowsPowerShell\v1.0\;C:\Program Files\Intel\Intel(R) Management Engine Components\DAL;C:\Program Files\Intel\Intel(R) Management Engine Components\IPT;C:\Program Files (x86)\Intel\Intel(R) Management Engine Components\DAL;C:\Program Files (x86)\Intel\Intel(R) Management Engine Components\IPT;C:\Program Files\MATLAB\R2013a\runtime\win64;C:\Program Files\MATLAB\R2013a\bin;C:\Program Files\Java\jdk1.8.0_71\bin;C:\Program Files\Java\jdk1.8.0_71\bin;C:\Program Files (x86)\Common Files\lenovo\easyplussdk\bin;C:\wamp64\bin\php\php5.6.25;C:\Symfony\symfony-standard-3.1\symfony-standard-3.1;C:\wamp64\bin\mysql\mysql5.7.14;E:\Software\apache-maven-3.5.0\bin;E:\Software\commons-logging-1.2;E:\Software\spring-framework-4.3.9.RELEASE\libs;C:\Program Files\Microsoft SQL Server\130\Tools\Binn\;C:\Program Files\Microsoft\Web Platform Installer\;C:\Program Files\nodejs\;C:\Program Files\Git\bin;C:\MinGW\bin;C:\Program Files\WSO2\Identity Server\5.6.0\\bin;C:\Program Files\Ballerina\ballerina-0.981.1\\bin;C:\Program Files\Ballerina\ballerina-0.981.1\bin;C:\Users\Buddhima\AppData\Local\Programs\Python\Python37-32\Scripts\;C:\Users\Buddhima\AppData\Local\Programs\Python\Python37-32\;C:\wamp64\bin\php\php5.6.25;C:\Symfony\symfony-standard-3.1\symfony-standard-3.1;C:\wamp64\bin\mysql\mysql5.7.14;C:\Program Files\Microsoft VS Code\bin;C:\Users\Buddhima\AppData\Roaming\npm;E:\Software\omnetpp-5.2.1;C:\Program Files\Heroku\bin;.]
2019-01-08 21:41:29.881  INFO 10716 --- [main] o.a.c.c.C.[Tomcat].[localhost].[/]       : Initializing Spring embedded WebApplicationContext
2019-01-08 21:41:29.881  INFO 10716 --- [main] o.s.web.context.ContextLoader            : Root WebApplicationContext: initialization completed in 2319 ms
2019-01-08 21:41:30.241  INFO 10716 --- [main] o.s.b.w.servlet.FilterRegistrationBean   : Mapping filter: 'characterEncodingFilter' to: [/*]
2019-01-08 21:41:30.241  INFO 10716 --- [main] o.s.b.w.servlet.FilterRegistrationBean   : Mapping filter: 'webMvcMetricsFilter' to: [/*]
2019-01-08 21:41:30.241  INFO 10716 --- [main] o.s.b.w.servlet.FilterRegistrationBean   : Mapping filter: 'hiddenHttpMethodFilter' to: [/*]
2019-01-08 21:41:30.241  INFO 10716 --- [main] o.s.b.w.servlet.FilterRegistrationBean   : Mapping filter: 'formContentFilter' to: [/*]
2019-01-08 21:41:30.241  INFO 10716 --- [main] o.s.b.w.servlet.FilterRegistrationBean   : Mapping filter: 'requestContextFilter' to: [/*]
2019-01-08 21:41:30.241  INFO 10716 --- [main] o.s.b.w.servlet.FilterRegistrationBean   : Mapping filter: 'httpTraceFilter' to: [/*]
2019-01-08 21:41:30.241  INFO 10716 --- [main] o.s.b.w.servlet.ServletRegistrationBean  : Servlet dispatcherServlet mapped to [/]
2019-01-08 21:41:30.301  INFO 10716 --- [main] com.zaxxer.hikari.HikariDataSource       : HikariPool-1 - Starting...
2019-01-08 21:41:30.501  INFO 10716 --- [main] com.zaxxer.hikari.HikariDataSource       : HikariPool-1 - Start completed.
2019-01-08 21:41:30.541  INFO 10716 --- [main] o.hibernate.jpa.internal.util.LogHelper  : HHH000204: Processing PersistenceUnitInfo [
	name: default
	...]
2019-01-08 21:41:30.591  INFO 10716 --- [main] org.hibernate.Version                    : HHH000412: Hibernate Core {5.3.7.Final}
2019-01-08 21:41:30.601  INFO 10716 --- [main] org.hibernate.cfg.Environment            : HHH000206: hibernate.properties not found
2019-01-08 21:41:30.711  INFO 10716 --- [main] o.hibernate.annotations.common.Version   : HCANN000001: Hibernate Commons Annotations {5.0.4.Final}
2019-01-08 21:41:30.833  INFO 10716 --- [main] org.hibernate.dialect.Dialect            : HHH000400: Using dialect: org.hibernate.dialect.MySQL5Dialect
2019-01-08 21:41:31.250  INFO 10716 --- [main] j.LocalContainerEntityManagerFactoryBean : Initialized JPA EntityManagerFactory for persistence unit 'default'
2019-01-08 21:41:31.620  INFO 10716 --- [main] o.s.s.concurrent.ThreadPoolTaskExecutor  : Initializing ExecutorService 'applicationTaskExecutor'
2019-01-08 21:41:31.660  WARN 10716 --- [main] aWebConfiguration$JpaWebMvcConfiguration : spring.jpa.open-in-view is enabled by default. Therefore, database queries may be performed during view rendering. Explicitly configure spring.jpa.open-in-view to disable this warning
2019-01-08 21:41:31.720  INFO 10716 --- [main] o.s.b.a.w.s.WelcomePageHandlerMapping    : Adding welcome page: class path resource [static/index.html]
2019-01-08 21:41:31.910  INFO 10716 --- [main] o.s.b.a.e.web.EndpointLinksResolver      : Exposing 16 endpoint(s) beneath base path '/actuator'
2019-01-08 21:41:31.980  INFO 10716 --- [main] o.s.b.w.embedded.tomcat.TomcatWebServer  : Tomcat started on port(s): 8081 (http) with context path ''
2019-01-08 21:41:31.990  INFO 10716 --- [main] com.fyp.UDP.UdpApplication               : Started UdpApplication in 4.953 seconds (JVM running for 5.561)
2019-01-08 21:41:36.760  INFO 10716 --- [http-nio-8081-exec-1] o.a.c.c.C.[Tomcat].[localhost].[/]       : Initializing Spring DispatcherServlet 'dispatcherServlet'
2019-01-08 21:41:36.760  INFO 10716 --- [http-nio-8081-exec-1] o.s.web.servlet.DispatcherServlet        : Initializing Servlet 'dispatcherServlet'
2019-01-08 21:41:36.768  INFO 10716 --- [http-nio-8081-exec-1] o.s.web.servlet.DispatcherServlet        : Completed initialization in 8 ms
2019-01-08 21:41:52.814  INFO 10716 --- [main] com.fyp.UDP.FYP.Receiver                 : **BU** RECEIVED: 3669:112 at  2019/01/08 21:41:52
2019-01-08 21:50:14.047  INFO 11320 --- [main] com.fyp.UDP.UdpApplication               : Starting UdpApplication on Buddhima with PID 11320 (E:\ENTC\FYP\UDP\UDP\target\classes started by Buddhima in E:\ENTC\FYP\UDP\UDP)
2019-01-08 21:50:14.047  INFO 11320 --- [main] com.fyp.UDP.UdpApplication               : No active profile set, falling back to default profiles: default
2019-01-08 21:50:15.285  INFO 11320 --- [main] .s.d.r.c.RepositoryConfigurationDelegate : Bootstrapping Spring Data repositories in DEFAULT mode.
2019-01-08 21:50:15.344  INFO 11320 --- [main] .s.d.r.c.RepositoryConfigurationDelegate : Finished Spring Data repository scanning in 49ms. Found 1 repository interfaces.
2019-01-08 21:50:15.653  INFO 11320 --- [main] trationDelegate$BeanPostProcessorChecker : Bean 'org.springframework.transaction.annotation.ProxyTransactionManagementConfiguration' of type [org.springframework.transaction.annotation.ProxyTransactionManagementConfiguration$$EnhancerBySpringCGLIB$$5c0d988] is not eligible for getting processed by all BeanPostProcessors (for example: not eligible for auto-proxying)
2019-01-08 21:50:16.144  INFO 11320 --- [main] o.s.b.w.embedded.tomcat.TomcatWebServer  : Tomcat initialized with port(s): 8081 (http)
2019-01-08 21:50:16.161  INFO 11320 --- [main] o.apache.catalina.core.StandardService   : Starting service [Tomcat]
2019-01-08 21:50:16.161  INFO 11320 --- [main] org.apache.catalina.core.StandardEngine  : Starting Servlet Engine: Apache Tomcat/9.0.12
2019-01-08 21:50:16.162  INFO 11320 --- [main] o.a.catalina.core.AprLifecycleListener   : The APR based Apache Tomcat Native library which allows optimal performance in production environments was not found on the java.library.path: [C:\Program Files\Java\jdk1.8.0_71\bin;C:\Windows\Sun\Java\bin;C:\Windows\system32;C:\Windows;C:\Program Files (x86)\NVIDIA Corporation\PhysX\Common;C:\ProgramData\Oracle\Java\javapath;c:\Program Files (x86)\Intel\iCLS Client\;c:\Program Files\Intel\iCLS Client\;C:\Windows\system32;C:\Windows;C:\Windows\System32\Wbem;C:\Windows\System32\WindowsPowerShell\v1.0\;C:\Program Files\Intel\Intel(R) Management Engine Components\DAL;C:\Program Files\Intel\Intel(R) Management Engine Components\IPT;C:\Program Files (x86)\Intel\Intel(R) Management Engine Components\DAL;C:\Program Files (x86)\Intel\Intel(R) Management Engine Components\IPT;C:\Program Files\MATLAB\R2013a\runtime\win64;C:\Program Files\MATLAB\R2013a\bin;C:\Program Files\Java\jdk1.8.0_71\bin;C:\Program Files\Java\jdk1.8.0_71\bin;C:\Program Files (x86)\Common Files\lenovo\easyplussdk\bin;C:\wamp64\bin\php\php5.6.25;C:\Symfony\symfony-standard-3.1\symfony-standard-3.1;C:\wamp64\bin\mysql\mysql5.7.14;E:\Software\apache-maven-3.5.0\bin;E:\Software\commons-logging-1.2;E:\Software\spring-framework-4.3.9.RELEASE\libs;C:\Program Files\Microsoft SQL Server\130\Tools\Binn\;C:\Program Files\Microsoft\Web Platform Installer\;C:\Program Files\nodejs\;C:\Program Files\Git\bin;C:\MinGW\bin;C:\Program Files\WSO2\Identity Server\5.6.0\\bin;C:\Program Files\Ballerina\ballerina-0.981.1\\bin;C:\Program Files\Ballerina\ballerina-0.981.1\bin;C:\Users\Buddhima\AppData\Local\Programs\Python\Python37-32\Scripts\;C:\Users\Buddhima\AppData\Local\Programs\Python\Python37-32\;C:\wamp64\bin\php\php5.6.25;C:\Symfony\symfony-standard-3.1\symfony-standard-3.1;C:\wamp64\bin\mysql\mysql5.7.14;C:\Program Files\Microsoft VS Code\bin;C:\Users\Buddhima\AppData\Roaming\npm;E:\Software\omnetpp-5.2.1;C:\Program Files\Heroku\bin;.]
2019-01-08 21:50:16.282  INFO 11320 --- [main] o.a.c.c.C.[Tomcat].[localhost].[/]       : Initializing Spring embedded WebApplicationContext
2019-01-08 21:50:16.282  INFO 11320 --- [main] o.s.web.context.ContextLoader            : Root WebApplicationContext: initialization completed in 2165 ms
2019-01-08 21:50:16.614  INFO 11320 --- [main] o.s.b.w.servlet.FilterRegistrationBean   : Mapping filter: 'characterEncodingFilter' to: [/*]
2019-01-08 21:50:16.614  INFO 11320 --- [main] o.s.b.w.servlet.FilterRegistrationBean   : Mapping filter: 'webMvcMetricsFilter' to: [/*]
2019-01-08 21:50:16.614  INFO 11320 --- [main] o.s.b.w.servlet.FilterRegistrationBean   : Mapping filter: 'hiddenHttpMethodFilter' to: [/*]
2019-01-08 21:50:16.614  INFO 11320 --- [main] o.s.b.w.servlet.FilterRegistrationBean   : Mapping filter: 'formContentFilter' to: [/*]
2019-01-08 21:50:16.614  INFO 11320 --- [main] o.s.b.w.servlet.FilterRegistrationBean   : Mapping filter: 'requestContextFilter' to: [/*]
2019-01-08 21:50:16.624  INFO 11320 --- [main] o.s.b.w.servlet.FilterRegistrationBean   : Mapping filter: 'httpTraceFilter' to: [/*]
2019-01-08 21:50:16.624  INFO 11320 --- [main] o.s.b.w.servlet.ServletRegistrationBean  : Servlet dispatcherServlet mapped to [/]
2019-01-08 21:50:16.694  INFO 11320 --- [main] com.zaxxer.hikari.HikariDataSource       : HikariPool-1 - Starting...
2019-01-08 21:50:16.894  INFO 11320 --- [main] com.zaxxer.hikari.HikariDataSource       : HikariPool-1 - Start completed.
2019-01-08 21:50:16.934  INFO 11320 --- [main] o.hibernate.jpa.internal.util.LogHelper  : HHH000204: Processing PersistenceUnitInfo [
	name: default
	...]
2019-01-08 21:50:16.984  INFO 11320 --- [main] org.hibernate.Version                    : HHH000412: Hibernate Core {5.3.7.Final}
2019-01-08 21:50:16.984  INFO 11320 --- [main] org.hibernate.cfg.Environment            : HHH000206: hibernate.properties not found
2019-01-08 21:50:17.114  INFO 11320 --- [main] o.hibernate.annotations.common.Version   : HCANN000001: Hibernate Commons Annotations {5.0.4.Final}
2019-01-08 21:50:17.240  INFO 11320 --- [main] org.hibernate.dialect.Dialect            : HHH000400: Using dialect: org.hibernate.dialect.MySQL5Dialect
2019-01-08 21:50:17.657  INFO 11320 --- [main] j.LocalContainerEntityManagerFactoryBean : Initialized JPA EntityManagerFactory for persistence unit 'default'
2019-01-08 21:50:17.997  INFO 11320 --- [main] o.s.s.concurrent.ThreadPoolTaskExecutor  : Initializing ExecutorService 'applicationTaskExecutor'
2019-01-08 21:50:18.027  WARN 11320 --- [main] aWebConfiguration$JpaWebMvcConfiguration : spring.jpa.open-in-view is enabled by default. Therefore, database queries may be performed during view rendering. Explicitly configure spring.jpa.open-in-view to disable this warning
2019-01-08 21:50:18.087  INFO 11320 --- [main] o.s.b.a.w.s.WelcomePageHandlerMapping    : Adding welcome page: class path resource [static/index.html]
2019-01-08 21:50:18.291  INFO 11320 --- [main] o.s.b.a.e.web.EndpointLinksResolver      : Exposing 16 endpoint(s) beneath base path '/actuator'
2019-01-08 21:50:18.351  INFO 11320 --- [main] o.s.b.w.embedded.tomcat.TomcatWebServer  : Tomcat started on port(s): 8081 (http) with context path ''
2019-01-08 21:50:18.351  INFO 11320 --- [main] com.fyp.UDP.UdpApplication               : Started UdpApplication in 4.734 seconds (JVM running for 5.345)
2019-01-08 21:50:36.773  INFO 11320 --- [http-nio-8081-exec-1] o.a.c.c.C.[Tomcat].[localhost].[/]       : Initializing Spring DispatcherServlet 'dispatcherServlet'
2019-01-08 21:50:36.773  INFO 11320 --- [http-nio-8081-exec-1] o.s.web.servlet.DispatcherServlet        : Initializing Servlet 'dispatcherServlet'
2019-01-08 21:50:36.783  INFO 11320 --- [http-nio-8081-exec-1] o.s.web.servlet.DispatcherServlet        : Completed initialization in 9 ms
2019-01-08 21:50:38.590 ERROR 11320 --- [http-nio-8081-exec-1] o.a.c.c.C.[.[.[/].[dispatcherServlet]    : Servlet.service() for servlet [dispatcherServlet] in context with path [] threw exception [Request processing failed; nested exception is java.util.NoSuchElementException: No value present] with root cause

java.util.NoSuchElementException: No value present
	at java.util.Optional.get(Optional.java:135) ~[na:1.8.0_71]
	at com.fyp.UDP.FYP.MeterContoller.getData(MeterContoller.java:23) ~[classes/:na]
	at sun.reflect.NativeMethodAccessorImpl.invoke0(Native Method) ~[na:1.8.0_71]
	at sun.reflect.NativeMethodAccessorImpl.invoke(NativeMethodAccessorImpl.java:62) ~[na:1.8.0_71]
	at sun.reflect.DelegatingMethodAccessorImpl.invoke(DelegatingMethodAccessorImpl.java:43) ~[na:1.8.0_71]
	at java.lang.reflect.Method.invoke(Method.java:497) ~[na:1.8.0_71]
	at org.springframework.web.method.support.InvocableHandlerMethod.doInvoke(InvocableHandlerMethod.java:215) ~[spring-web-5.1.2.RELEASE.jar:5.1.2.RELEASE]
	at org.springframework.web.method.support.InvocableHandlerMethod.invokeForRequest(InvocableHandlerMethod.java:142) ~[spring-web-5.1.2.RELEASE.jar:5.1.2.RELEASE]
	at org.springframework.web.servlet.mvc.method.annotation.ServletInvocableHandlerMethod.invokeAndHandle(ServletInvocableHandlerMethod.java:102) ~[spring-webmvc-5.1.2.RELEASE.jar:5.1.2.RELEASE]
	at org.springframework.web.servlet.mvc.method.annotation.RequestMappingHandlerAdapter.invokeHandlerMethod(RequestMappingHandlerAdapter.java:895) ~[spring-webmvc-5.1.2.RELEASE.jar:5.1.2.RELEASE]
	at org.springframework.web.servlet.mvc.method.annotation.RequestMappingHandlerAdapter.handleInternal(RequestMappingHandlerAdapter.java:800) ~[spring-webmvc-5.1.2.RELEASE.jar:5.1.2.RELEASE]
	at org.springframework.web.servlet.mvc.method.AbstractHandlerMethodAdapter.handle(AbstractHandlerMethodAdapter.java:87) ~[spring-webmvc-5.1.2.RELEASE.jar:5.1.2.RELEASE]
	at org.springframework.web.servlet.DispatcherServlet.doDispatch(DispatcherServlet.java:1038) ~[spring-webmvc-5.1.2.RELEASE.jar:5.1.2.RELEASE]
	at org.springframework.web.servlet.DispatcherServlet.doService(DispatcherServlet.java:942) ~[spring-webmvc-5.1.2.RELEASE.jar:5.1.2.RELEASE]
	at org.springframework.web.servlet.FrameworkServlet.processRequest(FrameworkServlet.java:998) ~[spring-webmvc-5.1.2.RELEASE.jar:5.1.2.RELEASE]
	at org.springframework.web.servlet.FrameworkServlet.doGet(FrameworkServlet.java:890) ~[spring-webmvc-5.1.2.RELEASE.jar:5.1.2.RELEASE]
	at javax.servlet.http.HttpServlet.service(HttpServlet.java:634) ~[tomcat-embed-core-9.0.12.jar:9.0.12]
	at org.springframework.web.servlet.FrameworkServlet.service(FrameworkServlet.java:875) ~[spring-webmvc-5.1.2.RELEASE.jar:5.1.2.RELEASE]
	at javax.servlet.http.HttpServlet.service(HttpServlet.java:741) ~[tomcat-embed-core-9.0.12.jar:9.0.12]
	at org.apache.catalina.core.ApplicationFilterChain.internalDoFilter(ApplicationFilterChain.java:231) ~[tomcat-embed-core-9.0.12.jar:9.0.12]
	at org.apache.catalina.core.ApplicationFilterChain.doFilter(ApplicationFilterChain.java:166) ~[tomcat-embed-core-9.0.12.jar:9.0.12]
	at org.apache.tomcat.websocket.server.WsFilter.doFilter(WsFilter.java:53) ~[tomcat-embed-websocket-9.0.12.jar:9.0.12]
	at org.apache.catalina.core.ApplicationFilterChain.internalDoFilter(ApplicationFilterChain.java:193) ~[tomcat-embed-core-9.0.12.jar:9.0.12]
	at org.apache.catalina.core.ApplicationFilterChain.doFilter(ApplicationFilterChain.java:166) ~[tomcat-embed-core-9.0.12.jar:9.0.12]
	at org.springframework.boot.actuate.web.trace.servlet.HttpTraceFilter.doFilterInternal(HttpTraceFilter.java:90) ~[spring-boot-actuator-2.1.0.RELEASE.jar:2.1.0.RELEASE]
	at org.springframework.web.filter.OncePerRequestFilter.doFilter(OncePerRequestFilter.java:107) ~[spring-web-5.1.2.RELEASE.jar:5.1.2.RELEASE]
	at org.apache.catalina.core.ApplicationFilterChain.internalDoFilter(ApplicationFilterChain.java:193) ~[tomcat-embed-core-9.0.12.jar:9.0.12]
	at org.apache.catalina.core.ApplicationFilterChain.doFilter(ApplicationFilterChain.java:166) ~[tomcat-embed-core-9.0.12.jar:9.0.12]
	at org.springframework.web.filter.RequestContextFilter.doFilterInternal(RequestContextFilter.java:99) ~[spring-web-5.1.2.RELEASE.jar:5.1.2.RELEASE]
	at org.springframework.web.filter.OncePerRequestFilter.doFilter(OncePerRequestFilter.java:107) ~[spring-web-5.1.2.RELEASE.jar:5.1.2.RELEASE]
	at org.apache.catalina.core.ApplicationFilterChain.internalDoFilter(ApplicationFilterChain.java:193) ~[tomcat-embed-core-9.0.12.jar:9.0.12]
	at org.apache.catalina.core.ApplicationFilterChain.doFilter(ApplicationFilterChain.java:166) ~[tomcat-embed-core-9.0.12.jar:9.0.12]
	at org.springframework.web.filter.FormContentFilter.doFilterInternal(FormContentFilter.java:92) ~[spring-web-5.1.2.RELEASE.jar:5.1.2.RELEASE]
	at org.springframework.web.filter.OncePerRequestFilter.doFilter(OncePerRequestFilter.java:107) ~[spring-web-5.1.2.RELEASE.jar:5.1.2.RELEASE]
	at org.apache.catalina.core.ApplicationFilterChain.internalDoFilter(ApplicationFilterChain.java:193) ~[tomcat-embed-core-9.0.12.jar:9.0.12]
	at org.apache.catalina.core.ApplicationFilterChain.doFilter(ApplicationFilterChain.java:166) ~[tomcat-embed-core-9.0.12.jar:9.0.12]
	at org.springframework.web.filter.HiddenHttpMethodFilter.doFilterInternal(HiddenHttpMethodFilter.java:93) ~[spring-web-5.1.2.RELEASE.jar:5.1.2.RELEASE]
	at org.springframework.web.filter.OncePerRequestFilter.doFilter(OncePerRequestFilter.java:107) ~[spring-web-5.1.2.RELEASE.jar:5.1.2.RELEASE]
	at org.apache.catalina.core.ApplicationFilterChain.internalDoFilter(ApplicationFilterChain.java:193) ~[tomcat-embed-core-9.0.12.jar:9.0.12]
	at org.apache.catalina.core.ApplicationFilterChain.doFilter(ApplicationFilterChain.java:166) ~[tomcat-embed-core-9.0.12.jar:9.0.12]
	at org.springframework.boot.actuate.metrics.web.servlet.WebMvcMetricsFilter.filterAndRecordMetrics(WebMvcMetricsFilter.java:154) ~[spring-boot-actuator-2.1.0.RELEASE.jar:2.1.0.RELEASE]
	at org.springframework.boot.actuate.metrics.web.servlet.WebMvcMetricsFilter.filterAndRecordMetrics(WebMvcMetricsFilter.java:122) ~[spring-boot-actuator-2.1.0.RELEASE.jar:2.1.0.RELEASE]
	at org.springframework.boot.actuate.metrics.web.servlet.WebMvcMetricsFilter.doFilterInternal(WebMvcMetricsFilter.java:107) ~[spring-boot-actuator-2.1.0.RELEASE.jar:2.1.0.RELEASE]
	at org.springframework.web.filter.OncePerRequestFilter.doFilter(OncePerRequestFilter.java:107) ~[spring-web-5.1.2.RELEASE.jar:5.1.2.RELEASE]
	at org.apache.catalina.core.ApplicationFilterChain.internalDoFilter(ApplicationFilterChain.java:193) ~[tomcat-embed-core-9.0.12.jar:9.0.12]
	at org.apache.catalina.core.ApplicationFilterChain.doFilter(ApplicationFilterChain.java:166) ~[tomcat-embed-core-9.0.12.jar:9.0.12]
	at org.springframework.web.filter.CharacterEncodingFilter.doFilterInternal(CharacterEncodingFilter.java:200) ~[spring-web-5.1.2.RELEASE.jar:5.1.2.RELEASE]
	at org.springframework.web.filter.OncePerRequestFilter.doFilter(OncePerRequestFilter.java:107) ~[spring-web-5.1.2.RELEASE.jar:5.1.2.RELEASE]
	at org.apache.catalina.core.ApplicationFilterChain.internalDoFilter(ApplicationFilterChain.java:193) ~[tomcat-embed-core-9.0.12.jar:9.0.12]
	at org.apache.catalina.core.ApplicationFilterChain.doFilter(ApplicationFilterChain.java:166) ~[tomcat-embed-core-9.0.12.jar:9.0.12]
	at org.apache.catalina.core.StandardWrapperValve.invoke(StandardWrapperValve.java:199) ~[tomcat-embed-core-9.0.12.jar:9.0.12]
	at org.apache.catalina.core.StandardContextValve.invoke(StandardContextValve.java:96) [tomcat-embed-core-9.0.12.jar:9.0.12]
	at org.apache.catalina.authenticator.AuthenticatorBase.invoke(AuthenticatorBase.java:490) [tomcat-embed-core-9.0.12.jar:9.0.12]
	at org.apache.catalina.core.StandardHostValve.invoke(StandardHostValve.java:139) [tomcat-embed-core-9.0.12.jar:9.0.12]
	at org.apache.catalina.valves.ErrorReportValve.invoke(ErrorReportValve.java:92) [tomcat-embed-core-9.0.12.jar:9.0.12]
	at org.apache.catalina.core.StandardEngineValve.invoke(StandardEngineValve.java:74) [tomcat-embed-core-9.0.12.jar:9.0.12]
	at org.apache.catalina.connector.CoyoteAdapter.service(CoyoteAdapter.java:343) [tomcat-embed-core-9.0.12.jar:9.0.12]
	at org.apache.coyote.http11.Http11Processor.service(Http11Processor.java:408) [tomcat-embed-core-9.0.12.jar:9.0.12]
	at org.apache.coyote.AbstractProcessorLight.process(AbstractProcessorLight.java:66) [tomcat-embed-core-9.0.12.jar:9.0.12]
	at org.apache.coyote.AbstractProtocol$ConnectionHandler.process(AbstractProtocol.java:770) [tomcat-embed-core-9.0.12.jar:9.0.12]
	at org.apache.tomcat.util.net.NioEndpoint$SocketProcessor.doRun(NioEndpoint.java:1415) [tomcat-embed-core-9.0.12.jar:9.0.12]
	at org.apache.tomcat.util.net.SocketProcessorBase.run(SocketProcessorBase.java:49) [tomcat-embed-core-9.0.12.jar:9.0.12]
	at java.util.concurrent.ThreadPoolExecutor.runWorker(ThreadPoolExecutor.java:1142) [na:1.8.0_71]
	at java.util.concurrent.ThreadPoolExecutor$Worker.run(ThreadPoolExecutor.java:617) [na:1.8.0_71]
	at org.apache.tomcat.util.threads.TaskThread$WrappingRunnable.run(TaskThread.java:61) [tomcat-embed-core-9.0.12.jar:9.0.12]
	at java.lang.Thread.run(Thread.java:745) [na:1.8.0_71]

2019-01-08 21:51:42.025  INFO 10912 --- [main] com.fyp.UDP.UdpApplication               : Starting UdpApplication on Buddhima with PID 10912 (E:\ENTC\FYP\UDP\UDP\target\classes started by Buddhima in E:\ENTC\FYP\UDP\UDP)
2019-01-08 21:51:42.035  INFO 10912 --- [main] com.fyp.UDP.UdpApplication               : No active profile set, falling back to default profiles: default
2019-01-08 21:51:43.282  INFO 10912 --- [main] .s.d.r.c.RepositoryConfigurationDelegate : Bootstrapping Spring Data repositories in DEFAULT mode.
2019-01-08 21:51:43.352  INFO 10912 --- [main] .s.d.r.c.RepositoryConfigurationDelegate : Finished Spring Data repository scanning in 60ms. Found 1 repository interfaces.
2019-01-08 21:51:43.729  INFO 10912 --- [main] trationDelegate$BeanPostProcessorChecker : Bean 'org.springframework.transaction.annotation.ProxyTransactionManagementConfiguration' of type [org.springframework.transaction.annotation.ProxyTransactionManagementConfiguration$$EnhancerBySpringCGLIB$$4e6d7c9e] is not eligible for getting processed by all BeanPostProcessors (for example: not eligible for auto-proxying)
2019-01-08 21:51:44.244  INFO 10912 --- [main] o.s.b.w.embedded.tomcat.TomcatWebServer  : Tomcat initialized with port(s): 8081 (http)
2019-01-08 21:51:44.254  INFO 10912 --- [main] o.apache.catalina.core.StandardService   : Starting service [Tomcat]
2019-01-08 21:51:44.254  INFO 10912 --- [main] org.apache.catalina.core.StandardEngine  : Starting Servlet Engine: Apache Tomcat/9.0.12
2019-01-08 21:51:44.264  INFO 10912 --- [main] o.a.catalina.core.AprLifecycleListener   : The APR based Apache Tomcat Native library which allows optimal performance in production environments was not found on the java.library.path: [C:\Program Files\Java\jdk1.8.0_71\bin;C:\Windows\Sun\Java\bin;C:\Windows\system32;C:\Windows;C:\Program Files (x86)\NVIDIA Corporation\PhysX\Common;C:\ProgramData\Oracle\Java\javapath;c:\Program Files (x86)\Intel\iCLS Client\;c:\Program Files\Intel\iCLS Client\;C:\Windows\system32;C:\Windows;C:\Windows\System32\Wbem;C:\Windows\System32\WindowsPowerShell\v1.0\;C:\Program Files\Intel\Intel(R) Management Engine Components\DAL;C:\Program Files\Intel\Intel(R) Management Engine Components\IPT;C:\Program Files (x86)\Intel\Intel(R) Management Engine Components\DAL;C:\Program Files (x86)\Intel\Intel(R) Management Engine Components\IPT;C:\Program Files\MATLAB\R2013a\runtime\win64;C:\Program Files\MATLAB\R2013a\bin;C:\Program Files\Java\jdk1.8.0_71\bin;C:\Program Files\Java\jdk1.8.0_71\bin;C:\Program Files (x86)\Common Files\lenovo\easyplussdk\bin;C:\wamp64\bin\php\php5.6.25;C:\Symfony\symfony-standard-3.1\symfony-standard-3.1;C:\wamp64\bin\mysql\mysql5.7.14;E:\Software\apache-maven-3.5.0\bin;E:\Software\commons-logging-1.2;E:\Software\spring-framework-4.3.9.RELEASE\libs;C:\Program Files\Microsoft SQL Server\130\Tools\Binn\;C:\Program Files\Microsoft\Web Platform Installer\;C:\Program Files\nodejs\;C:\Program Files\Git\bin;C:\MinGW\bin;C:\Program Files\WSO2\Identity Server\5.6.0\\bin;C:\Program Files\Ballerina\ballerina-0.981.1\\bin;C:\Program Files\Ballerina\ballerina-0.981.1\bin;C:\Users\Buddhima\AppData\Local\Programs\Python\Python37-32\Scripts\;C:\Users\Buddhima\AppData\Local\Programs\Python\Python37-32\;C:\wamp64\bin\php\php5.6.25;C:\Symfony\symfony-standard-3.1\symfony-standard-3.1;C:\wamp64\bin\mysql\mysql5.7.14;C:\Program Files\Microsoft VS Code\bin;C:\Users\Buddhima\AppData\Roaming\npm;E:\Software\omnetpp-5.2.1;C:\Program Files\Heroku\bin;.]
2019-01-08 21:51:44.384  INFO 10912 --- [main] o.a.c.c.C.[Tomcat].[localhost].[/]       : Initializing Spring embedded WebApplicationContext
2019-01-08 21:51:44.384  INFO 10912 --- [main] o.s.web.context.ContextLoader            : Root WebApplicationContext: initialization completed in 2259 ms
2019-01-08 21:51:44.734  INFO 10912 --- [main] o.s.b.w.servlet.FilterRegistrationBean   : Mapping filter: 'characterEncodingFilter' to: [/*]
2019-01-08 21:51:44.734  INFO 10912 --- [main] o.s.b.w.servlet.FilterRegistrationBean   : Mapping filter: 'webMvcMetricsFilter' to: [/*]
2019-01-08 21:51:44.734  INFO 10912 --- [main] o.s.b.w.servlet.FilterRegistrationBean   : Mapping filter: 'hiddenHttpMethodFilter' to: [/*]
2019-01-08 21:51:44.734  INFO 10912 --- [main] o.s.b.w.servlet.FilterRegistrationBean   : Mapping filter: 'formContentFilter' to: [/*]
2019-01-08 21:51:44.734  INFO 10912 --- [main] o.s.b.w.servlet.FilterRegistrationBean   : Mapping filter: 'requestContextFilter' to: [/*]
2019-01-08 21:51:44.734  INFO 10912 --- [main] o.s.b.w.servlet.FilterRegistrationBean   : Mapping filter: 'httpTraceFilter' to: [/*]
2019-01-08 21:51:44.734  INFO 10912 --- [main] o.s.b.w.servlet.ServletRegistrationBean  : Servlet dispatcherServlet mapped to [/]
2019-01-08 21:51:44.814  INFO 10912 --- [main] com.zaxxer.hikari.HikariDataSource       : HikariPool-1 - Starting...
2019-01-08 21:51:45.004  INFO 10912 --- [main] com.zaxxer.hikari.HikariDataSource       : HikariPool-1 - Start completed.
2019-01-08 21:51:45.044  INFO 10912 --- [main] o.hibernate.jpa.internal.util.LogHelper  : HHH000204: Processing PersistenceUnitInfo [
	name: default
	...]
2019-01-08 21:51:45.094  INFO 10912 --- [main] org.hibernate.Version                    : HHH000412: Hibernate Core {5.3.7.Final}
2019-01-08 21:51:45.094  INFO 10912 --- [main] org.hibernate.cfg.Environment            : HHH000206: hibernate.properties not found
2019-01-08 21:51:45.192  INFO 10912 --- [main] o.hibernate.annotations.common.Version   : HCANN000001: Hibernate Commons Annotations {5.0.4.Final}
2019-01-08 21:51:45.285  INFO 10912 --- [main] org.hibernate.dialect.Dialect            : HHH000400: Using dialect: org.hibernate.dialect.MySQL5Dialect
2019-01-08 21:51:45.685  INFO 10912 --- [main] j.LocalContainerEntityManagerFactoryBean : Initialized JPA EntityManagerFactory for persistence unit 'default'
2019-01-08 21:51:46.035  INFO 10912 --- [main] o.s.s.concurrent.ThreadPoolTaskExecutor  : Initializing ExecutorService 'applicationTaskExecutor'
2019-01-08 21:51:46.065  WARN 10912 --- [main] aWebConfiguration$JpaWebMvcConfiguration : spring.jpa.open-in-view is enabled by default. Therefore, database queries may be performed during view rendering. Explicitly configure spring.jpa.open-in-view to disable this warning
2019-01-08 21:51:46.125  INFO 10912 --- [main] o.s.b.a.w.s.WelcomePageHandlerMapping    : Adding welcome page: class path resource [static/index.html]
2019-01-08 21:51:46.323  INFO 10912 --- [main] o.s.b.a.e.web.EndpointLinksResolver      : Exposing 16 endpoint(s) beneath base path '/actuator'
2019-01-08 21:51:46.393  INFO 10912 --- [main] o.s.b.w.embedded.tomcat.TomcatWebServer  : Tomcat started on port(s): 8081 (http) with context path ''
2019-01-08 21:51:46.403  INFO 10912 --- [main] com.fyp.UDP.UdpApplication               : Started UdpApplication in 4.808 seconds (JVM running for 5.398)
2019-01-08 21:51:48.669  INFO 10912 --- [http-nio-8081-exec-1] o.a.c.c.C.[Tomcat].[localhost].[/]       : Initializing Spring DispatcherServlet 'dispatcherServlet'
2019-01-08 21:51:48.670  INFO 10912 --- [http-nio-8081-exec-1] o.s.web.servlet.DispatcherServlet        : Initializing Servlet 'dispatcherServlet'
2019-01-08 21:51:48.678  INFO 10912 --- [http-nio-8081-exec-1] o.s.web.servlet.DispatcherServlet        : Completed initialization in 8 ms
2019-01-08 21:51:48.851 ERROR 10912 --- [http-nio-8081-exec-1] o.a.c.c.C.[.[.[/].[dispatcherServlet]    : Servlet.service() for servlet [dispatcherServlet] in context with path [] threw exception [Request processing failed; nested exception is java.util.NoSuchElementException: No value present] with root cause

java.util.NoSuchElementException: No value present
	at java.util.Optional.get(Optional.java:135) ~[na:1.8.0_71]
	at com.fyp.UDP.FYP.MeterContoller.getData(MeterContoller.java:24) ~[classes/:na]
	at sun.reflect.NativeMethodAccessorImpl.invoke0(Native Method) ~[na:1.8.0_71]
	at sun.reflect.NativeMethodAccessorImpl.invoke(NativeMethodAccessorImpl.java:62) ~[na:1.8.0_71]
	at sun.reflect.DelegatingMethodAccessorImpl.invoke(DelegatingMethodAccessorImpl.java:43) ~[na:1.8.0_71]
	at java.lang.reflect.Method.invoke(Method.java:497) ~[na:1.8.0_71]
	at org.springframework.web.method.support.InvocableHandlerMethod.doInvoke(InvocableHandlerMethod.java:215) ~[spring-web-5.1.2.RELEASE.jar:5.1.2.RELEASE]
	at org.springframework.web.method.support.InvocableHandlerMethod.invokeForRequest(InvocableHandlerMethod.java:142) ~[spring-web-5.1.2.RELEASE.jar:5.1.2.RELEASE]
	at org.springframework.web.servlet.mvc.method.annotation.ServletInvocableHandlerMethod.invokeAndHandle(ServletInvocableHandlerMethod.java:102) ~[spring-webmvc-5.1.2.RELEASE.jar:5.1.2.RELEASE]
	at org.springframework.web.servlet.mvc.method.annotation.RequestMappingHandlerAdapter.invokeHandlerMethod(RequestMappingHandlerAdapter.java:895) ~[spring-webmvc-5.1.2.RELEASE.jar:5.1.2.RELEASE]
	at org.springframework.web.servlet.mvc.method.annotation.RequestMappingHandlerAdapter.handleInternal(RequestMappingHandlerAdapter.java:800) ~[spring-webmvc-5.1.2.RELEASE.jar:5.1.2.RELEASE]
	at org.springframework.web.servlet.mvc.method.AbstractHandlerMethodAdapter.handle(AbstractHandlerMethodAdapter.java:87) ~[spring-webmvc-5.1.2.RELEASE.jar:5.1.2.RELEASE]
	at org.springframework.web.servlet.DispatcherServlet.doDispatch(DispatcherServlet.java:1038) ~[spring-webmvc-5.1.2.RELEASE.jar:5.1.2.RELEASE]
	at org.springframework.web.servlet.DispatcherServlet.doService(DispatcherServlet.java:942) ~[spring-webmvc-5.1.2.RELEASE.jar:5.1.2.RELEASE]
	at org.springframework.web.servlet.FrameworkServlet.processRequest(FrameworkServlet.java:998) ~[spring-webmvc-5.1.2.RELEASE.jar:5.1.2.RELEASE]
	at org.springframework.web.servlet.FrameworkServlet.doGet(FrameworkServlet.java:890) ~[spring-webmvc-5.1.2.RELEASE.jar:5.1.2.RELEASE]
	at javax.servlet.http.HttpServlet.service(HttpServlet.java:634) ~[tomcat-embed-core-9.0.12.jar:9.0.12]
	at org.springframework.web.servlet.FrameworkServlet.service(FrameworkServlet.java:875) ~[spring-webmvc-5.1.2.RELEASE.jar:5.1.2.RELEASE]
	at javax.servlet.http.HttpServlet.service(HttpServlet.java:741) ~[tomcat-embed-core-9.0.12.jar:9.0.12]
	at org.apache.catalina.core.ApplicationFilterChain.internalDoFilter(ApplicationFilterChain.java:231) ~[tomcat-embed-core-9.0.12.jar:9.0.12]
	at org.apache.catalina.core.ApplicationFilterChain.doFilter(ApplicationFilterChain.java:166) ~[tomcat-embed-core-9.0.12.jar:9.0.12]
	at org.apache.tomcat.websocket.server.WsFilter.doFilter(WsFilter.java:53) ~[tomcat-embed-websocket-9.0.12.jar:9.0.12]
	at org.apache.catalina.core.ApplicationFilterChain.internalDoFilter(ApplicationFilterChain.java:193) ~[tomcat-embed-core-9.0.12.jar:9.0.12]
	at org.apache.catalina.core.ApplicationFilterChain.doFilter(ApplicationFilterChain.java:166) ~[tomcat-embed-core-9.0.12.jar:9.0.12]
	at org.springframework.boot.actuate.web.trace.servlet.HttpTraceFilter.doFilterInternal(HttpTraceFilter.java:90) ~[spring-boot-actuator-2.1.0.RELEASE.jar:2.1.0.RELEASE]
	at org.springframework.web.filter.OncePerRequestFilter.doFilter(OncePerRequestFilter.java:107) ~[spring-web-5.1.2.RELEASE.jar:5.1.2.RELEASE]
	at org.apache.catalina.core.ApplicationFilterChain.internalDoFilter(ApplicationFilterChain.java:193) ~[tomcat-embed-core-9.0.12.jar:9.0.12]
	at org.apache.catalina.core.ApplicationFilterChain.doFilter(ApplicationFilterChain.java:166) ~[tomcat-embed-core-9.0.12.jar:9.0.12]
	at org.springframework.web.filter.RequestContextFilter.doFilterInternal(RequestContextFilter.java:99) ~[spring-web-5.1.2.RELEASE.jar:5.1.2.RELEASE]
	at org.springframework.web.filter.OncePerRequestFilter.doFilter(OncePerRequestFilter.java:107) ~[spring-web-5.1.2.RELEASE.jar:5.1.2.RELEASE]
	at org.apache.catalina.core.ApplicationFilterChain.internalDoFilter(ApplicationFilterChain.java:193) ~[tomcat-embed-core-9.0.12.jar:9.0.12]
	at org.apache.catalina.core.ApplicationFilterChain.doFilter(ApplicationFilterChain.java:166) ~[tomcat-embed-core-9.0.12.jar:9.0.12]
	at org.springframework.web.filter.FormContentFilter.doFilterInternal(FormContentFilter.java:92) ~[spring-web-5.1.2.RELEASE.jar:5.1.2.RELEASE]
	at org.springframework.web.filter.OncePerRequestFilter.doFilter(OncePerRequestFilter.java:107) ~[spring-web-5.1.2.RELEASE.jar:5.1.2.RELEASE]
	at org.apache.catalina.core.ApplicationFilterChain.internalDoFilter(ApplicationFilterChain.java:193) ~[tomcat-embed-core-9.0.12.jar:9.0.12]
	at org.apache.catalina.core.ApplicationFilterChain.doFilter(ApplicationFilterChain.java:166) ~[tomcat-embed-core-9.0.12.jar:9.0.12]
	at org.springframework.web.filter.HiddenHttpMethodFilter.doFilterInternal(HiddenHttpMethodFilter.java:93) ~[spring-web-5.1.2.RELEASE.jar:5.1.2.RELEASE]
	at org.springframework.web.filter.OncePerRequestFilter.doFilter(OncePerRequestFilter.java:107) ~[spring-web-5.1.2.RELEASE.jar:5.1.2.RELEASE]
	at org.apache.catalina.core.ApplicationFilterChain.internalDoFilter(ApplicationFilterChain.java:193) ~[tomcat-embed-core-9.0.12.jar:9.0.12]
	at org.apache.catalina.core.ApplicationFilterChain.doFilter(ApplicationFilterChain.java:166) ~[tomcat-embed-core-9.0.12.jar:9.0.12]
	at org.springframework.boot.actuate.metrics.web.servlet.WebMvcMetricsFilter.filterAndRecordMetrics(WebMvcMetricsFilter.java:154) ~[spring-boot-actuator-2.1.0.RELEASE.jar:2.1.0.RELEASE]
	at org.springframework.boot.actuate.metrics.web.servlet.WebMvcMetricsFilter.filterAndRecordMetrics(WebMvcMetricsFilter.java:122) ~[spring-boot-actuator-2.1.0.RELEASE.jar:2.1.0.RELEASE]
	at org.springframework.boot.actuate.metrics.web.servlet.WebMvcMetricsFilter.doFilterInternal(WebMvcMetricsFilter.java:107) ~[spring-boot-actuator-2.1.0.RELEASE.jar:2.1.0.RELEASE]
	at org.springframework.web.filter.OncePerRequestFilter.doFilter(OncePerRequestFilter.java:107) ~[spring-web-5.1.2.RELEASE.jar:5.1.2.RELEASE]
	at org.apache.catalina.core.ApplicationFilterChain.internalDoFilter(ApplicationFilterChain.java:193) ~[tomcat-embed-core-9.0.12.jar:9.0.12]
	at org.apache.catalina.core.ApplicationFilterChain.doFilter(ApplicationFilterChain.java:166) ~[tomcat-embed-core-9.0.12.jar:9.0.12]
	at org.springframework.web.filter.CharacterEncodingFilter.doFilterInternal(CharacterEncodingFilter.java:200) ~[spring-web-5.1.2.RELEASE.jar:5.1.2.RELEASE]
	at org.springframework.web.filter.OncePerRequestFilter.doFilter(OncePerRequestFilter.java:107) ~[spring-web-5.1.2.RELEASE.jar:5.1.2.RELEASE]
	at org.apache.catalina.core.ApplicationFilterChain.internalDoFilter(ApplicationFilterChain.java:193) ~[tomcat-embed-core-9.0.12.jar:9.0.12]
	at org.apache.catalina.core.ApplicationFilterChain.doFilter(ApplicationFilterChain.java:166) ~[tomcat-embed-core-9.0.12.jar:9.0.12]
	at org.apache.catalina.core.StandardWrapperValve.invoke(StandardWrapperValve.java:199) ~[tomcat-embed-core-9.0.12.jar:9.0.12]
	at org.apache.catalina.core.StandardContextValve.invoke(StandardContextValve.java:96) [tomcat-embed-core-9.0.12.jar:9.0.12]
	at org.apache.catalina.authenticator.AuthenticatorBase.invoke(AuthenticatorBase.java:490) [tomcat-embed-core-9.0.12.jar:9.0.12]
	at org.apache.catalina.core.StandardHostValve.invoke(StandardHostValve.java:139) [tomcat-embed-core-9.0.12.jar:9.0.12]
	at org.apache.catalina.valves.ErrorReportValve.invoke(ErrorReportValve.java:92) [tomcat-embed-core-9.0.12.jar:9.0.12]
	at org.apache.catalina.core.StandardEngineValve.invoke(StandardEngineValve.java:74) [tomcat-embed-core-9.0.12.jar:9.0.12]
	at org.apache.catalina.connector.CoyoteAdapter.service(CoyoteAdapter.java:343) [tomcat-embed-core-9.0.12.jar:9.0.12]
	at org.apache.coyote.http11.Http11Processor.service(Http11Processor.java:408) [tomcat-embed-core-9.0.12.jar:9.0.12]
	at org.apache.coyote.AbstractProcessorLight.process(AbstractProcessorLight.java:66) [tomcat-embed-core-9.0.12.jar:9.0.12]
	at org.apache.coyote.AbstractProtocol$ConnectionHandler.process(AbstractProtocol.java:770) [tomcat-embed-core-9.0.12.jar:9.0.12]
	at org.apache.tomcat.util.net.NioEndpoint$SocketProcessor.doRun(NioEndpoint.java:1415) [tomcat-embed-core-9.0.12.jar:9.0.12]
	at org.apache.tomcat.util.net.SocketProcessorBase.run(SocketProcessorBase.java:49) [tomcat-embed-core-9.0.12.jar:9.0.12]
	at java.util.concurrent.ThreadPoolExecutor.runWorker(ThreadPoolExecutor.java:1142) [na:1.8.0_71]
	at java.util.concurrent.ThreadPoolExecutor$Worker.run(ThreadPoolExecutor.java:617) [na:1.8.0_71]
	at org.apache.tomcat.util.threads.TaskThread$WrappingRunnable.run(TaskThread.java:61) [tomcat-embed-core-9.0.12.jar:9.0.12]
	at java.lang.Thread.run(Thread.java:745) [na:1.8.0_71]

2019-01-08 21:53:10.975  INFO 10084 --- [main] com.fyp.UDP.UdpApplication               : Starting UdpApplication on Buddhima with PID 10084 (E:\ENTC\FYP\UDP\UDP\target\classes started by Buddhima in E:\ENTC\FYP\UDP\UDP)
2019-01-08 21:53:10.985  INFO 10084 --- [main] com.fyp.UDP.UdpApplication               : No active profile set, falling back to default profiles: default
2019-01-08 21:53:12.241  INFO 10084 --- [main] .s.d.r.c.RepositoryConfigurationDelegate : Bootstrapping Spring Data repositories in DEFAULT mode.
2019-01-08 21:53:12.291  INFO 10084 --- [main] .s.d.r.c.RepositoryConfigurationDelegate : Finished Spring Data repository scanning in 40ms. Found 1 repository interfaces.
2019-01-08 21:53:12.612  INFO 10084 --- [main] trationDelegate$BeanPostProcessorChecker : Bean 'org.springframework.transaction.annotation.ProxyTransactionManagementConfiguration' of type [org.springframework.transaction.annotation.ProxyTransactionManagementConfiguration$$EnhancerBySpringCGLIB$$6979ab71] is not eligible for getting processed by all BeanPostProcessors (for example: not eligible for auto-proxying)
2019-01-08 21:53:13.102  INFO 10084 --- [main] o.s.b.w.embedded.tomcat.TomcatWebServer  : Tomcat initialized with port(s): 8081 (http)
2019-01-08 21:53:13.122  INFO 10084 --- [main] o.apache.catalina.core.StandardService   : Starting service [Tomcat]
2019-01-08 21:53:13.122  INFO 10084 --- [main] org.apache.catalina.core.StandardEngine  : Starting Servlet Engine: Apache Tomcat/9.0.12
2019-01-08 21:53:13.122  INFO 10084 --- [main] o.a.catalina.core.AprLifecycleListener   : The APR based Apache Tomcat Native library which allows optimal performance in production environments was not found on the java.library.path: [C:\Program Files\Java\jdk1.8.0_71\bin;C:\Windows\Sun\Java\bin;C:\Windows\system32;C:\Windows;C:\Program Files (x86)\NVIDIA Corporation\PhysX\Common;C:\ProgramData\Oracle\Java\javapath;c:\Program Files (x86)\Intel\iCLS Client\;c:\Program Files\Intel\iCLS Client\;C:\Windows\system32;C:\Windows;C:\Windows\System32\Wbem;C:\Windows\System32\WindowsPowerShell\v1.0\;C:\Program Files\Intel\Intel(R) Management Engine Components\DAL;C:\Program Files\Intel\Intel(R) Management Engine Components\IPT;C:\Program Files (x86)\Intel\Intel(R) Management Engine Components\DAL;C:\Program Files (x86)\Intel\Intel(R) Management Engine Components\IPT;C:\Program Files\MATLAB\R2013a\runtime\win64;C:\Program Files\MATLAB\R2013a\bin;C:\Program Files\Java\jdk1.8.0_71\bin;C:\Program Files\Java\jdk1.8.0_71\bin;C:\Program Files (x86)\Common Files\lenovo\easyplussdk\bin;C:\wamp64\bin\php\php5.6.25;C:\Symfony\symfony-standard-3.1\symfony-standard-3.1;C:\wamp64\bin\mysql\mysql5.7.14;E:\Software\apache-maven-3.5.0\bin;E:\Software\commons-logging-1.2;E:\Software\spring-framework-4.3.9.RELEASE\libs;C:\Program Files\Microsoft SQL Server\130\Tools\Binn\;C:\Program Files\Microsoft\Web Platform Installer\;C:\Program Files\nodejs\;C:\Program Files\Git\bin;C:\MinGW\bin;C:\Program Files\WSO2\Identity Server\5.6.0\\bin;C:\Program Files\Ballerina\ballerina-0.981.1\\bin;C:\Program Files\Ballerina\ballerina-0.981.1\bin;C:\Users\Buddhima\AppData\Local\Programs\Python\Python37-32\Scripts\;C:\Users\Buddhima\AppData\Local\Programs\Python\Python37-32\;C:\wamp64\bin\php\php5.6.25;C:\Symfony\symfony-standard-3.1\symfony-standard-3.1;C:\wamp64\bin\mysql\mysql5.7.14;C:\Program Files\Microsoft VS Code\bin;C:\Users\Buddhima\AppData\Roaming\npm;E:\Software\omnetpp-5.2.1;C:\Program Files\Heroku\bin;.]
2019-01-08 21:53:13.242  INFO 10084 --- [main] o.a.c.c.C.[Tomcat].[localhost].[/]       : Initializing Spring embedded WebApplicationContext
2019-01-08 21:53:13.242  INFO 10084 --- [main] o.s.web.context.ContextLoader            : Root WebApplicationContext: initialization completed in 2187 ms
2019-01-08 21:53:13.594  INFO 10084 --- [main] o.s.b.w.servlet.FilterRegistrationBean   : Mapping filter: 'characterEncodingFilter' to: [/*]
2019-01-08 21:53:13.594  INFO 10084 --- [main] o.s.b.w.servlet.FilterRegistrationBean   : Mapping filter: 'webMvcMetricsFilter' to: [/*]
2019-01-08 21:53:13.594  INFO 10084 --- [main] o.s.b.w.servlet.FilterRegistrationBean   : Mapping filter: 'hiddenHttpMethodFilter' to: [/*]
2019-01-08 21:53:13.594  INFO 10084 --- [main] o.s.b.w.servlet.FilterRegistrationBean   : Mapping filter: 'formContentFilter' to: [/*]
2019-01-08 21:53:13.594  INFO 10084 --- [main] o.s.b.w.servlet.FilterRegistrationBean   : Mapping filter: 'requestContextFilter' to: [/*]
2019-01-08 21:53:13.594  INFO 10084 --- [main] o.s.b.w.servlet.FilterRegistrationBean   : Mapping filter: 'httpTraceFilter' to: [/*]
2019-01-08 21:53:13.594  INFO 10084 --- [main] o.s.b.w.servlet.ServletRegistrationBean  : Servlet dispatcherServlet mapped to [/]
2019-01-08 21:53:13.674  INFO 10084 --- [main] com.zaxxer.hikari.HikariDataSource       : HikariPool-1 - Starting...
2019-01-08 21:53:13.871  INFO 10084 --- [main] com.zaxxer.hikari.HikariDataSource       : HikariPool-1 - Start completed.
2019-01-08 21:53:13.911  INFO 10084 --- [main] o.hibernate.jpa.internal.util.LogHelper  : HHH000204: Processing PersistenceUnitInfo [
	name: default
	...]
2019-01-08 21:53:13.979  INFO 10084 --- [main] org.hibernate.Version                    : HHH000412: Hibernate Core {5.3.7.Final}
2019-01-08 21:53:13.980  INFO 10084 --- [main] org.hibernate.cfg.Environment            : HHH000206: hibernate.properties not found
2019-01-08 21:53:14.073  INFO 10084 --- [main] o.hibernate.annotations.common.Version   : HCANN000001: Hibernate Commons Annotations {5.0.4.Final}
2019-01-08 21:53:14.181  INFO 10084 --- [main] org.hibernate.dialect.Dialect            : HHH000400: Using dialect: org.hibernate.dialect.MySQL5Dialect
2019-01-08 21:53:14.581  INFO 10084 --- [main] j.LocalContainerEntityManagerFactoryBean : Initialized JPA EntityManagerFactory for persistence unit 'default'
2019-01-08 21:53:14.939  INFO 10084 --- [main] o.s.s.concurrent.ThreadPoolTaskExecutor  : Initializing ExecutorService 'applicationTaskExecutor'
2019-01-08 21:53:14.972  WARN 10084 --- [main] aWebConfiguration$JpaWebMvcConfiguration : spring.jpa.open-in-view is enabled by default. Therefore, database queries may be performed during view rendering. Explicitly configure spring.jpa.open-in-view to disable this warning
2019-01-08 21:53:15.031  INFO 10084 --- [main] o.s.b.a.w.s.WelcomePageHandlerMapping    : Adding welcome page: class path resource [static/index.html]
2019-01-08 21:53:15.291  INFO 10084 --- [main] o.s.b.a.e.web.EndpointLinksResolver      : Exposing 16 endpoint(s) beneath base path '/actuator'
2019-01-08 21:53:15.382  INFO 10084 --- [main] o.s.b.w.embedded.tomcat.TomcatWebServer  : Tomcat started on port(s): 8081 (http) with context path ''
2019-01-08 21:53:15.382  INFO 10084 --- [main] com.fyp.UDP.UdpApplication               : Started UdpApplication in 4.837 seconds (JVM running for 5.438)
2019-01-08 21:53:32.118  INFO 10084 --- [http-nio-8081-exec-1] o.a.c.c.C.[Tomcat].[localhost].[/]       : Initializing Spring DispatcherServlet 'dispatcherServlet'
2019-01-08 21:53:32.119  INFO 10084 --- [http-nio-8081-exec-1] o.s.web.servlet.DispatcherServlet        : Initializing Servlet 'dispatcherServlet'
2019-01-08 21:53:32.131  INFO 10084 --- [http-nio-8081-exec-1] o.s.web.servlet.DispatcherServlet        : Completed initialization in 12 ms
2019-01-08 21:54:34.065  INFO 10084 --- [main] com.fyp.UDP.FYP.Receiver                 : **BU** RECEIVED: 1001:855 at  2019/01/08 21:54:34
2019-01-08 22:07:28.260  INFO 12088 --- [main] com.fyp.UDP.UdpApplication               : Starting UdpApplication on Buddhima with PID 12088 (E:\ENTC\FYP\UDP\UDP\target\classes started by Buddhima in E:\ENTC\FYP\UDP\UDP)
2019-01-08 22:07:28.265  INFO 12088 --- [main] com.fyp.UDP.UdpApplication               : No active profile set, falling back to default profiles: default
2019-01-08 22:07:29.841  INFO 12088 --- [main] .s.d.r.c.RepositoryConfigurationDelegate : Bootstrapping Spring Data repositories in DEFAULT mode.
2019-01-08 22:07:29.898  INFO 12088 --- [main] .s.d.r.c.RepositoryConfigurationDelegate : Finished Spring Data repository scanning in 51ms. Found 1 repository interfaces.
2019-01-08 22:07:30.260  INFO 12088 --- [main] trationDelegate$BeanPostProcessorChecker : Bean 'org.springframework.transaction.annotation.ProxyTransactionManagementConfiguration' of type [org.springframework.transaction.annotation.ProxyTransactionManagementConfiguration$$EnhancerBySpringCGLIB$$310d77ad] is not eligible for getting processed by all BeanPostProcessors (for example: not eligible for auto-proxying)
2019-01-08 22:07:30.834  INFO 12088 --- [main] o.s.b.w.embedded.tomcat.TomcatWebServer  : Tomcat initialized with port(s): 8081 (http)
2019-01-08 22:07:30.853  INFO 12088 --- [main] o.apache.catalina.core.StandardService   : Starting service [Tomcat]
2019-01-08 22:07:30.853  INFO 12088 --- [main] org.apache.catalina.core.StandardEngine  : Starting Servlet Engine: Apache Tomcat/9.0.12
2019-01-08 22:07:30.860  INFO 12088 --- [main] o.a.catalina.core.AprLifecycleListener   : The APR based Apache Tomcat Native library which allows optimal performance in production environments was not found on the java.library.path: [C:\Program Files\Java\jdk1.8.0_71\bin;C:\Windows\Sun\Java\bin;C:\Windows\system32;C:\Windows;C:\Program Files (x86)\NVIDIA Corporation\PhysX\Common;C:\ProgramData\Oracle\Java\javapath;c:\Program Files (x86)\Intel\iCLS Client\;c:\Program Files\Intel\iCLS Client\;C:\Windows\system32;C:\Windows;C:\Windows\System32\Wbem;C:\Windows\System32\WindowsPowerShell\v1.0\;C:\Program Files\Intel\Intel(R) Management Engine Components\DAL;C:\Program Files\Intel\Intel(R) Management Engine Components\IPT;C:\Program Files (x86)\Intel\Intel(R) Management Engine Components\DAL;C:\Program Files (x86)\Intel\Intel(R) Management Engine Components\IPT;C:\Program Files\MATLAB\R2013a\runtime\win64;C:\Program Files\MATLAB\R2013a\bin;C:\Program Files\Java\jdk1.8.0_71\bin;C:\Program Files\Java\jdk1.8.0_71\bin;C:\Program Files (x86)\Common Files\lenovo\easyplussdk\bin;C:\wamp64\bin\php\php5.6.25;C:\Symfony\symfony-standard-3.1\symfony-standard-3.1;C:\wamp64\bin\mysql\mysql5.7.14;E:\Software\apache-maven-3.5.0\bin;E:\Software\commons-logging-1.2;E:\Software\spring-framework-4.3.9.RELEASE\libs;C:\Program Files\Microsoft SQL Server\130\Tools\Binn\;C:\Program Files\Microsoft\Web Platform Installer\;C:\Program Files\nodejs\;C:\Program Files\Git\bin;C:\MinGW\bin;C:\Program Files\WSO2\Identity Server\5.6.0\\bin;C:\Program Files\Ballerina\ballerina-0.981.1\\bin;C:\Program Files\Ballerina\ballerina-0.981.1\bin;C:\Users\Buddhima\AppData\Local\Programs\Python\Python37-32\Scripts\;C:\Users\Buddhima\AppData\Local\Programs\Python\Python37-32\;C:\wamp64\bin\php\php5.6.25;C:\Symfony\symfony-standard-3.1\symfony-standard-3.1;C:\wamp64\bin\mysql\mysql5.7.14;C:\Program Files\Microsoft VS Code\bin;C:\Users\Buddhima\AppData\Roaming\npm;E:\Software\omnetpp-5.2.1;C:\Program Files\Heroku\bin;.]
2019-01-08 22:07:30.993  INFO 12088 --- [main] o.a.c.c.C.[Tomcat].[localhost].[/]       : Initializing Spring embedded WebApplicationContext
2019-01-08 22:07:30.994  INFO 12088 --- [main] o.s.web.context.ContextLoader            : Root WebApplicationContext: initialization completed in 2633 ms
2019-01-08 22:07:31.392  INFO 12088 --- [main] o.s.b.w.servlet.FilterRegistrationBean   : Mapping filter: 'characterEncodingFilter' to: [/*]
2019-01-08 22:07:31.393  INFO 12088 --- [main] o.s.b.w.servlet.FilterRegistrationBean   : Mapping filter: 'webMvcMetricsFilter' to: [/*]
2019-01-08 22:07:31.393  INFO 12088 --- [main] o.s.b.w.servlet.FilterRegistrationBean   : Mapping filter: 'hiddenHttpMethodFilter' to: [/*]
2019-01-08 22:07:31.393  INFO 12088 --- [main] o.s.b.w.servlet.FilterRegistrationBean   : Mapping filter: 'formContentFilter' to: [/*]
2019-01-08 22:07:31.393  INFO 12088 --- [main] o.s.b.w.servlet.FilterRegistrationBean   : Mapping filter: 'requestContextFilter' to: [/*]
2019-01-08 22:07:31.394  INFO 12088 --- [main] o.s.b.w.servlet.FilterRegistrationBean   : Mapping filter: 'httpTraceFilter' to: [/*]
2019-01-08 22:07:31.394  INFO 12088 --- [main] o.s.b.w.servlet.ServletRegistrationBean  : Servlet dispatcherServlet mapped to [/]
2019-01-08 22:07:31.493  INFO 12088 --- [main] com.zaxxer.hikari.HikariDataSource       : HikariPool-1 - Starting...
2019-01-08 22:07:31.755  INFO 12088 --- [main] com.zaxxer.hikari.HikariDataSource       : HikariPool-1 - Start completed.
2019-01-08 22:07:31.807  INFO 12088 --- [main] o.hibernate.jpa.internal.util.LogHelper  : HHH000204: Processing PersistenceUnitInfo [
	name: default
	...]
2019-01-08 22:07:31.873  INFO 12088 --- [main] org.hibernate.Version                    : HHH000412: Hibernate Core {5.3.7.Final}
2019-01-08 22:07:31.875  INFO 12088 --- [main] org.hibernate.cfg.Environment            : HHH000206: hibernate.properties not found
2019-01-08 22:07:32.057  INFO 12088 --- [main] o.hibernate.annotations.common.Version   : HCANN000001: Hibernate Commons Annotations {5.0.4.Final}
2019-01-08 22:07:32.194  INFO 12088 --- [main] org.hibernate.dialect.Dialect            : HHH000400: Using dialect: org.hibernate.dialect.MySQL5Dialect
2019-01-08 22:07:32.676  INFO 12088 --- [main] j.LocalContainerEntityManagerFactoryBean : Initialized JPA EntityManagerFactory for persistence unit 'default'
2019-01-08 22:07:33.077  INFO 12088 --- [main] o.s.s.concurrent.ThreadPoolTaskExecutor  : Initializing ExecutorService 'applicationTaskExecutor'
2019-01-08 22:07:33.112  WARN 12088 --- [main] aWebConfiguration$JpaWebMvcConfiguration : spring.jpa.open-in-view is enabled by default. Therefore, database queries may be performed during view rendering. Explicitly configure spring.jpa.open-in-view to disable this warning
2019-01-08 22:07:33.195  INFO 12088 --- [main] o.s.b.a.w.s.WelcomePageHandlerMapping    : Adding welcome page: class path resource [static/index.html]
2019-01-08 22:07:33.439  INFO 12088 --- [main] o.s.b.a.e.web.EndpointLinksResolver      : Exposing 16 endpoint(s) beneath base path '/actuator'
2019-01-08 22:07:33.528  INFO 12088 --- [main] o.s.b.w.embedded.tomcat.TomcatWebServer  : Tomcat started on port(s): 8081 (http) with context path ''
2019-01-08 22:07:33.531  INFO 12088 --- [main] com.fyp.UDP.UdpApplication               : Started UdpApplication in 5.874 seconds (JVM running for 6.606)
2019-01-08 22:07:46.853  INFO 12088 --- [http-nio-8081-exec-2] o.a.c.c.C.[Tomcat].[localhost].[/]       : Initializing Spring DispatcherServlet 'dispatcherServlet'
2019-01-08 22:07:46.853  INFO 12088 --- [http-nio-8081-exec-2] o.s.web.servlet.DispatcherServlet        : Initializing Servlet 'dispatcherServlet'
2019-01-08 22:07:46.862  INFO 12088 --- [http-nio-8081-exec-2] o.s.web.servlet.DispatcherServlet        : Completed initialization in 9 ms
2019-01-08 22:07:46.959  INFO 12088 --- [http-nio-8081-exec-2] com.fyp.UDP.FYP.Receiver                 : ID not available in the database
2019-01-08 22:15:43.017  INFO 10028 --- [main] com.fyp.UDP.UdpApplicationTests          : Starting UdpApplicationTests on Buddhima with PID 10028 (started by Buddhima in E:\ENTC\FYP\UDP\UDP)
2019-01-08 22:15:43.057  INFO 10028 --- [main] com.fyp.UDP.UdpApplicationTests          : No active profile set, falling back to default profiles: default
2019-01-08 22:15:45.169  INFO 10028 --- [main] .s.d.r.c.RepositoryConfigurationDelegate : Bootstrapping Spring Data repositories in DEFAULT mode.
2019-01-08 22:15:45.405  INFO 10028 --- [main] .s.d.r.c.RepositoryConfigurationDelegate : Finished Spring Data repository scanning in 214ms. Found 1 repository interfaces.
2019-01-08 22:15:46.584  INFO 10028 --- [main] trationDelegate$BeanPostProcessorChecker : Bean 'org.springframework.transaction.annotation.ProxyTransactionManagementConfiguration' of type [org.springframework.transaction.annotation.ProxyTransactionManagementConfiguration$$EnhancerBySpringCGLIB$$5593a911] is not eligible for getting processed by all BeanPostProcessors (for example: not eligible for auto-proxying)
2019-01-08 22:15:47.096  INFO 10028 --- [main] com.zaxxer.hikari.HikariDataSource       : HikariPool-1 - Starting...
2019-01-08 22:15:47.507  INFO 10028 --- [main] com.zaxxer.hikari.HikariDataSource       : HikariPool-1 - Start completed.
2019-01-08 22:15:47.672  INFO 10028 --- [main] o.hibernate.jpa.internal.util.LogHelper  : HHH000204: Processing PersistenceUnitInfo [
	name: default
	...]
2019-01-08 22:15:47.790  INFO 10028 --- [main] org.hibernate.Version                    : HHH000412: Hibernate Core {5.3.7.Final}
2019-01-08 22:15:47.792  INFO 10028 --- [main] org.hibernate.cfg.Environment            : HHH000206: hibernate.properties not found
2019-01-08 22:15:48.096  INFO 10028 --- [main] o.hibernate.annotations.common.Version   : HCANN000001: Hibernate Commons Annotations {5.0.4.Final}
2019-01-08 22:15:48.588  INFO 10028 --- [main] org.hibernate.dialect.Dialect            : HHH000400: Using dialect: org.hibernate.dialect.MySQL5Dialect
2019-01-08 22:15:49.387  INFO 10028 --- [main] j.LocalContainerEntityManagerFactoryBean : Initialized JPA EntityManagerFactory for persistence unit 'default'
2019-01-08 22:15:54.322  INFO 10028 --- [main] o.s.s.concurrent.ThreadPoolTaskExecutor  : Initializing ExecutorService 'applicationTaskExecutor'
2019-01-08 22:15:54.447  WARN 10028 --- [main] aWebConfiguration$JpaWebMvcConfiguration : spring.jpa.open-in-view is enabled by default. Therefore, database queries may be performed during view rendering. Explicitly configure spring.jpa.open-in-view to disable this warning
2019-01-08 22:15:55.147  INFO 10028 --- [main] o.s.b.a.w.s.WelcomePageHandlerMapping    : Adding welcome page: class path resource [static/index.html]
2019-01-08 22:15:57.614  INFO 10028 --- [main] o.s.b.a.e.web.EndpointLinksResolver      : Exposing 16 endpoint(s) beneath base path '/actuator'
2019-01-08 22:15:57.759  INFO 10028 --- [main] com.fyp.UDP.UdpApplicationTests          : Started UdpApplicationTests in 15.355 seconds (JVM running for 17.103)
2019-01-08 22:16:01.682  INFO 10028 --- [Thread-4] o.s.s.concurrent.ThreadPoolTaskExecutor  : Shutting down ExecutorService 'applicationTaskExecutor'
2019-01-08 22:16:01.685  INFO 10028 --- [Thread-4] j.LocalContainerEntityManagerFactoryBean : Closing JPA EntityManagerFactory for persistence unit 'default'
2019-01-08 22:16:01.688  INFO 10028 --- [Thread-4] com.zaxxer.hikari.HikariDataSource       : HikariPool-1 - Shutdown initiated...
2019-01-08 22:16:01.699  INFO 10028 --- [Thread-4] com.zaxxer.hikari.HikariDataSource       : HikariPool-1 - Shutdown completed.
